#
# There is insufficient memory for the Java Runtime Environment to continue.
# Native memory allocation (malloc) failed to allocate 1205248 bytes for Chunk::new
# Possible reasons:
#   The system is out of physical RAM or swap space
#   The process is running with CompressedOops enabled, and the Java Heap may be blocking the growth of the native heap
# Possible solutions:
#   Reduce memory load on the system
#   Increase physical memory or swap space
#   Check if swap backing store is full
#   Decrease Java heap size (-Xmx/-Xms)
#   Decrease number of Java threads
#   Decrease Java thread stack sizes (-Xss)
#   Set larger code cache with -XX:ReservedCodeCacheSize=
#   JVM is running with Unscaled Compressed Oops mode in which the Java heap is
#     placed in the first 4GB address space. The Java Heap base address is the
#     maximum limit for the native heap growth. Please use -XX:HeapBaseMinAddress
#     to set the Java Heap base and to place the Java Heap above 4GB virtual address.
# This output file may be truncated or incomplete.
#
#  Out of Memory Error (allocation.cpp:389), pid=6580, tid=0x0000000000001abc
#
# JRE version: OpenJDK Runtime Environment (8.0_202-b03) (build 1.8.0_202-release-1483-b03)
# Java VM: OpenJDK 64-Bit Server VM (25.202-b03 mixed mode windows-amd64 compressed oops)
# Failed to write core dump. Minidumps are not enabled by default on client versions of Windows
#

---------------  T H R E A D  ---------------

Current thread (0x00000000146aa800):  JavaThread "C2 CompilerThread0" daemon [_thread_in_native, id=6844, stack(0x0000000016000000,0x0000000016100000)]

Stack: [0x0000000016000000,0x0000000016100000]
[error occurred during error reporting (printing stack bounds), id 0xc0000005]

Native frames: (J=compiled Java code, j=interpreted, Vv=VM code, C=native code)


Current CompileTask:
C2:1842824 19185       4       org.gradle.api.internal.artifacts.ivyservice.resolveengine.artifact.ResolvedArtifactsGraphVisitor::getArtifacts (197 bytes)


---------------  P R O C E S S  ---------------

Java Threads: ( => current thread )
  0x000000001aa99800 JavaThread "Cache worker for execution history cache (D:\projects\ShoesDemo\.gradle\5.4.1\executionHistory)" [_thread_blocked, id=1092, stack(0x000000003b360000,0x000000003b460000)]
  0x000000001aa9b000 JavaThread "Execution worker for ':' Thread 3" [_thread_blocked, id=10248, stack(0x000000003b260000,0x000000003b360000)]
  0x000000001aa97800 JavaThread "Execution worker for ':' Thread 2" [_thread_in_Java, id=5032, stack(0x000000003b160000,0x000000003b260000)]
  0x000000001aa9e000 JavaThread "Execution worker for ':'" [_thread_blocked, id=11124, stack(0x000000003b060000,0x000000003b160000)]
  0x000000001aa96000 JavaThread "Cache worker for file content cache (D:\projects\ShoesDemo\.gradle\5.4.1\fileContent)" [_thread_blocked, id=8220, stack(0x000000003af60000,0x000000003b060000)]
  0x000000001aa93800 JavaThread "Cache worker for Build Output Cleanup Cache (D:\projects\ShoesDemo\.gradle\buildOutputCleanup)" [_thread_blocked, id=4200, stack(0x000000003ae60000,0x000000003af60000)]
  0x000000001aa94800 JavaThread "Build operations Thread 4" [_thread_blocked, id=2544, stack(0x000000003ad60000,0x000000003ae60000)]
  0x000000001aa92000 JavaThread "Build operations Thread 3" [_thread_blocked, id=3516, stack(0x000000003ac60000,0x000000003ad60000)]
  0x000000001aabf800 JavaThread "Build operations Thread 2" [_thread_blocked, id=11060, stack(0x000000003ab60000,0x000000003ac60000)]
  0x000000001aac1000 JavaThread "Build operations" [_thread_blocked, id=6132, stack(0x000000003aa60000,0x000000003ab60000)]
  0x000000001aabe000 JavaThread "Cache worker for cache directory md-rule (C:\Users\urovo_hu\.gradle\caches\5.4.1\md-rule)" [_thread_blocked, id=11880, stack(0x000000003a960000,0x000000003aa60000)]
  0x000000001aac0800 JavaThread "Cache worker for cache directory md-supplier (C:\Users\urovo_hu\.gradle\caches\5.4.1\md-supplier)" [_thread_blocked, id=5180, stack(0x000000003a860000,0x000000003a960000)]
  0x000000001aab5000 JavaThread "Cache worker for file hash cache (D:\projects\ShoesDemo\.gradle\5.4.1\fileHashes)" [_thread_blocked, id=5660, stack(0x000000003a760000,0x000000003a860000)]
  0x000000001aabc000 JavaThread "Thread-321" [_thread_blocked, id=8620, stack(0x000000003a660000,0x000000003a760000)]
  0x000000001aab4800 JavaThread "Stdin handler" [_thread_blocked, id=220, stack(0x000000003a560000,0x000000003a660000)]
  0x000000001aab6800 JavaThread "Asynchronous log dispatcher for DefaultDaemonConnection: socket connection from /127.0.0.1:60229 to /127.0.0.1:61681" [_thread_blocked, id=1940, stack(0x000000003a460000,0x000000003a560000)]
  0x000000001aab3800 JavaThread "Daemon worker Thread 8" [_thread_blocked, id=11536, stack(0x000000003a360000,0x000000003a460000)]
  0x000000001aab9000 JavaThread "Cancel handler" [_thread_blocked, id=1800, stack(0x000000003a260000,0x000000003a360000)]
  0x000000001aaba800 JavaThread "Handler for socket connection from /127.0.0.1:60229 to /127.0.0.1:61681" [_thread_in_native, id=6024, stack(0x000000003a160000,0x000000003a260000)]
  0x000000001aab7800 JavaThread "Daemon Thread 8" [_thread_blocked, id=8588, stack(0x000000003a060000,0x000000003a160000)]
  0x000000001aab9800 JavaThread "Cache worker for Java compile cache (C:\Users\urovo_hu\.gradle\caches\5.4.1\javaCompile)" [_thread_blocked, id=4692, stack(0x0000000025860000,0x0000000025960000)]
  0x000000001aabf000 JavaThread "Cache worker for file content cache (C:\Users\urovo_hu\.gradle\caches\5.4.1\fileContent)" [_thread_blocked, id=11848, stack(0x0000000023f60000,0x0000000024060000)]
  0x000000001aabb000 JavaThread "Memory manager" [_thread_blocked, id=11220, stack(0x000000001fa00000,0x000000001fb00000)]
  0x000000001aab8000 JavaThread "Cache worker for execution history cache (C:\Users\urovo_hu\.gradle\caches\5.4.1\executionHistory)" [_thread_blocked, id=4636, stack(0x000000001e580000,0x000000001e680000)]
  0x0000000016a39800 JavaThread "Cache worker for journal cache (C:\Users\urovo_hu\.gradle\caches\journal-1)" [_thread_blocked, id=6724, stack(0x0000000018f80000,0x0000000019080000)]
  0x0000000016a38800 JavaThread "File lock request listener" [_thread_in_native, id=6776, stack(0x0000000018c80000,0x0000000018d80000)]
  0x0000000016a3b000 JavaThread "Cache worker for file hash cache (C:\Users\urovo_hu\.gradle\caches\5.4.1\fileHashes)" [_thread_blocked, id=11232, stack(0x0000000018b80000,0x0000000018c80000)]
  0x0000000017549000 JavaThread "Daemon periodic checks" [_thread_blocked, id=11392, stack(0x0000000018180000,0x0000000018280000)]
  0x000000001754f800 JavaThread "Incoming local TCP Connector on port 60229" [_thread_in_native, id=1676, stack(0x0000000017fd0000,0x00000000180d0000)]
  0x0000000017256000 JavaThread "Daemon health stats" [_thread_blocked, id=11292, stack(0x0000000017cd0000,0x0000000017dd0000)]
  0x0000000015a8b000 JavaThread "Service Thread" daemon [_thread_blocked, id=10448, stack(0x0000000016300000,0x0000000016400000)]
  0x0000000015a11000 JavaThread "C1 CompilerThread2" daemon [_thread_blocked, id=7284, stack(0x0000000016200000,0x0000000016300000)]
  0x0000000015a0a000 JavaThread "C2 CompilerThread1" daemon [_thread_in_native, id=12244, stack(0x0000000016100000,0x0000000016200000)]
=>0x00000000146aa800 JavaThread "C2 CompilerThread0" daemon [_thread_in_native, id=6844, stack(0x0000000016000000,0x0000000016100000)]
  0x000000001465d800 JavaThread "Attach Listener" daemon [_thread_blocked, id=11780, stack(0x0000000015f00000,0x0000000016000000)]
  0x0000000015a08800 JavaThread "Signal Dispatcher" daemon [_thread_blocked, id=2832, stack(0x0000000015e00000,0x0000000015f00000)]
  0x000000000322a000 JavaThread "Finalizer" daemon [_thread_blocked, id=228, stack(0x00000000158a0000,0x00000000159a0000)]
  0x0000000014639000 JavaThread "Reference Handler" daemon [_thread_blocked, id=284, stack(0x00000000157a0000,0x00000000158a0000)]
  0x000000000312e800 JavaThread "main" [_thread_blocked, id=7852, stack(0x0000000002fc0000,0x00000000030c0000)]

Other Threads:
  0x0000000014616000 VMThread [stack: 0x00000000156a0000,0x00000000157a0000] [id=12156]
  0x0000000015a8e000 WatcherThread [stack: 0x0000000016400000,0x0000000016500000] [id=11588]

VM state:not at safepoint (normal execution)

VM Mutex/Monitor currently owned by a thread: None

heap address: 0x00000000e0000000, size: 512 MB, Compressed Oops mode: 32-bit
Narrow klass base: 0x0000000000000000, Narrow klass shift: 3
Compressed class space size: 1073741824 Address: 0x0000000100000000

Heap:
 PSYoungGen      total 118784K, used 40193K [0x00000000f5580000, 0x00000000fe480000, 0x0000000100000000)
  eden space 94208K, 37% used [0x00000000f5580000,0x00000000f77b76f8,0x00000000fb180000)
  from space 24576K, 20% used [0x00000000fcc80000,0x00000000fd188e30,0x00000000fe480000)
  to   space 26112K, 0% used [0x00000000fb180000,0x00000000fb180000,0x00000000fcb00000)
 ParOldGen       total 175104K, used 46876K [0x00000000e0000000, 0x00000000eab00000, 0x00000000f5580000)
  object space 175104K, 26% used [0x00000000e0000000,0x00000000e2dc7188,0x00000000eab00000)
 Metaspace       used 87157K, capacity 91662K, committed 91736K, reserved 1128448K
  class space    used 11279K, capacity 12104K, committed 12160K, reserved 1048576K

Card table byte_map: [0x00000000125f0000,0x0000000012700000] byte_map_base: 0x0000000011ef0000

Marking Bits: (ParMarkBitMap*) 0x0000000050b29f30
 Begin Bits: [0x0000000012bb0000, 0x00000000133b0000)
 End Bits:   [0x00000000133b0000, 0x0000000013bb0000)

Polling page: 0x0000000002c40000

CodeCache: size=245760Kb used=51125Kb max_used=51129Kb free=194634Kb
 bounds [0x0000000003230000, 0x0000000006470000, 0x0000000012230000]
 total_blobs=16166 nmethods=15311 adapters=766
 compilation: enabled

Compilation events (10 events):
Event: 1842.120 Thread 0x0000000015a0a000 nmethod 19254 0x0000000006419ed0 code [0x000000000641a0c0, 0x000000000641a918]
Event: 1842.121 Thread 0x0000000015a0a000 19255       4       org.gradle.tooling.internal.provider.runner.OperationDependenciesResolver::lookupExistingOperationDescriptor (43 bytes)
Event: 1842.139 Thread 0x0000000015a0a000 nmethod 19255 0x0000000006467410 code [0x0000000006467600, 0x0000000006467dd8]
Event: 1842.216 Thread 0x0000000015a11000 19256       3       com.sun.org.apache.xerces.internal.impl.XMLErrorReporter::getMessageFormatter (14 bytes)
Event: 1842.217 Thread 0x0000000015a11000 nmethod 19256 0x0000000006419950 code [0x0000000006419ac0, 0x0000000006419de8]
Event: 1842.226 Thread 0x0000000015a0a000 19257       4       java.util.Formatter$FormatSpecifier::checkBadFlags (39 bytes)
Event: 1842.226 Thread 0x0000000015a11000 19258       3       com.android.ide.common.resources.configuration.FolderConfiguration::<init> (14 bytes)
Event: 1842.227 Thread 0x0000000015a11000 nmethod 19258 0x0000000006420450 code [0x00000000064205e0, 0x0000000006420968]
Event: 1842.231 Thread 0x0000000015a0a000 nmethod 19257 0x0000000006419550 code [0x00000000064196a0, 0x0000000006419838]
Event: 1842.231 Thread 0x0000000015a0a000 19259       4       com.android.ide.common.resources.configuration.FolderConfiguration::getConfigFromQualifiers (336 bytes)

GC Heap History (10 events):
Event: 734.198 GC heap before
{Heap before GC invocations=31 (full 3):
 PSYoungGen      total 122880K, used 122623K [0x00000000f5580000, 0x00000000fef80000, 0x0000000100000000)
  eden space 106496K, 100% used [0x00000000f5580000,0x00000000fbd80000,0x00000000fbd80000)
  from space 16384K, 98% used [0x00000000fc000000,0x00000000fcfbfda8,0x00000000fd000000)
  to   space 25600K, 0% used [0x00000000fd680000,0x00000000fd680000,0x00000000fef80000)
 ParOldGen       total 175104K, used 38080K [0x00000000e0000000, 0x00000000eab00000, 0x00000000f5580000)
  object space 175104K, 21% used [0x00000000e0000000,0x00000000e2530018,0x00000000eab00000)
 Metaspace       used 86355K, capacity 90648K, committed 90840K, reserved 1128448K
  class space    used 11233K, capacity 12031K, committed 12032K, reserved 1048576K
Event: 734.270 GC heap after
Heap after GC invocations=31 (full 3):
 PSYoungGen      total 125952K, used 15920K [0x00000000f5580000, 0x00000000fec00000, 0x0000000100000000)
  eden space 103936K, 0% used [0x00000000f5580000,0x00000000f5580000,0x00000000fbb00000)
  from space 22016K, 72% used [0x00000000fd680000,0x00000000fe60c228,0x00000000fec00000)
  to   space 25088K, 0% used [0x00000000fbb00000,0x00000000fbb00000,0x00000000fd380000)
 ParOldGen       total 175104K, used 40964K [0x00000000e0000000, 0x00000000eab00000, 0x00000000f5580000)
  object space 175104K, 23% used [0x00000000e0000000,0x00000000e28010a8,0x00000000eab00000)
 Metaspace       used 86355K, capacity 90648K, committed 90840K, reserved 1128448K
  class space    used 11233K, capacity 12031K, committed 12032K, reserved 1048576K
}
Event: 1674.871 GC heap before
{Heap before GC invocations=32 (full 3):
 PSYoungGen      total 125952K, used 119856K [0x00000000f5580000, 0x00000000fec00000, 0x0000000100000000)
  eden space 103936K, 100% used [0x00000000f5580000,0x00000000fbb00000,0x00000000fbb00000)
  from space 22016K, 72% used [0x00000000fd680000,0x00000000fe60c228,0x00000000fec00000)
  to   space 25088K, 0% used [0x00000000fbb00000,0x00000000fbb00000,0x00000000fd380000)
 ParOldGen       total 175104K, used 40964K [0x00000000e0000000, 0x00000000eab00000, 0x00000000f5580000)
  object space 175104K, 23% used [0x00000000e0000000,0x00000000e28010a8,0x00000000eab00000)
 Metaspace       used 86540K, capacity 90860K, committed 91096K, reserved 1128448K
  class space    used 11234K, capacity 12031K, committed 12032K, reserved 1048576K
Event: 1674.911 GC heap after
Heap after GC invocations=32 (full 3):
 PSYoungGen      total 111616K, used 9744K [0x00000000f5580000, 0x00000000fe980000, 0x0000000100000000)
  eden space 101376K, 0% used [0x00000000f5580000,0x00000000f5580000,0x00000000fb880000)
  from space 10240K, 95% used [0x00000000fbb00000,0x00000000fc484040,0x00000000fc500000)
  to   space 25088K, 0% used [0x00000000fd100000,0x00000000fd100000,0x00000000fe980000)
 ParOldGen       total 175104K, used 42992K [0x00000000e0000000, 0x00000000eab00000, 0x00000000f5580000)
  object space 175104K, 24% used [0x00000000e0000000,0x00000000e29fc168,0x00000000eab00000)
 Metaspace       used 86540K, capacity 90860K, committed 91096K, reserved 1128448K
  class space    used 11234K, capacity 12031K, committed 12032K, reserved 1048576K
}
Event: 1773.033 GC heap before
{Heap before GC invocations=33 (full 3):
 PSYoungGen      total 111616K, used 111088K [0x00000000f5580000, 0x00000000fe980000, 0x0000000100000000)
  eden space 101376K, 99% used [0x00000000f5580000,0x00000000fb878188,0x00000000fb880000)
  from space 10240K, 95% used [0x00000000fbb00000,0x00000000fc484040,0x00000000fc500000)
  to   space 25088K, 0% used [0x00000000fd100000,0x00000000fd100000,0x00000000fe980000)
 ParOldGen       total 175104K, used 42992K [0x00000000e0000000, 0x00000000eab00000, 0x00000000f5580000)
  object space 175104K, 24% used [0x00000000e0000000,0x00000000e29fc168,0x00000000eab00000)
 Metaspace       used 86791K, capacity 91234K, committed 91480K, reserved 1128448K
  class space    used 11264K, capacity 12088K, committed 12160K, reserved 1048576K
Event: 1773.063 GC heap after
Heap after GC invocations=33 (full 3):
 PSYoungGen      total 123392K, used 5493K [0x00000000f5580000, 0x00000000fe900000, 0x0000000100000000)
  eden space 98816K, 0% used [0x00000000f5580000,0x00000000f5580000,0x00000000fb600000)
  from space 24576K, 22% used [0x00000000fd100000,0x00000000fd65d630,0x00000000fe900000)
  to   space 26112K, 0% used [0x00000000fb600000,0x00000000fb600000,0x00000000fcf80000)
 ParOldGen       total 175104K, used 45197K [0x00000000e0000000, 0x00000000eab00000, 0x00000000f5580000)
  object space 175104K, 25% used [0x00000000e0000000,0x00000000e2c23430,0x00000000eab00000)
 Metaspace       used 86791K, capacity 91234K, committed 91480K, reserved 1128448K
  class space    used 11264K, capacity 12088K, committed 12160K, reserved 1048576K
}
Event: 1776.259 GC heap before
{Heap before GC invocations=34 (full 3):
 PSYoungGen      total 123392K, used 104302K [0x00000000f5580000, 0x00000000fe900000, 0x0000000100000000)
  eden space 98816K, 99% used [0x00000000f5580000,0x00000000fb5fe4c8,0x00000000fb600000)
  from space 24576K, 22% used [0x00000000fd100000,0x00000000fd65d630,0x00000000fe900000)
  to   space 26112K, 0% used [0x00000000fb600000,0x00000000fb600000,0x00000000fcf80000)
 ParOldGen       total 175104K, used 45197K [0x00000000e0000000, 0x00000000eab00000, 0x00000000f5580000)
  object space 175104K, 25% used [0x00000000e0000000,0x00000000e2c23430,0x00000000eab00000)
 Metaspace       used 86944K, capacity 91368K, committed 91480K, reserved 1128448K
  class space    used 11269K, capacity 12089K, committed 12160K, reserved 1048576K
Event: 1776.312 GC heap after
Heap after GC invocations=34 (full 3):
 PSYoungGen      total 107008K, used 10285K [0x00000000f5580000, 0x00000000fe580000, 0x0000000100000000)
  eden space 96256K, 0% used [0x00000000f5580000,0x00000000f5580000,0x00000000fb380000)
  from space 10752K, 95% used [0x00000000fb600000,0x00000000fc00b710,0x00000000fc080000)
  to   space 25600K, 0% used [0x00000000fcc80000,0x00000000fcc80000,0x00000000fe580000)
 ParOldGen       total 175104K, used 46613K [0x00000000e0000000, 0x00000000eab00000, 0x00000000f5580000)
  object space 175104K, 26% used [0x00000000e0000000,0x00000000e2d85480,0x00000000eab00000)
 Metaspace       used 86944K, capacity 91368K, committed 91480K, reserved 1128448K
  class space    used 11269K, capacity 12089K, committed 12160K, reserved 1048576K
}
Event: 1841.380 GC heap before
{Heap before GC invocations=35 (full 3):
 PSYoungGen      total 107008K, used 106541K [0x00000000f5580000, 0x00000000fe580000, 0x0000000100000000)
  eden space 96256K, 100% used [0x00000000f5580000,0x00000000fb380000,0x00000000fb380000)
  from space 10752K, 95% used [0x00000000fb600000,0x00000000fc00b710,0x00000000fc080000)
  to   space 25600K, 0% used [0x00000000fcc80000,0x00000000fcc80000,0x00000000fe580000)
 ParOldGen       total 175104K, used 46613K [0x00000000e0000000, 0x00000000eab00000, 0x00000000f5580000)
  object space 175104K, 26% used [0x00000000e0000000,0x00000000e2d85480,0x00000000eab00000)
 Metaspace       used 87143K, capacity 91662K, committed 91736K, reserved 1128448K
  class space    used 11279K, capacity 12104K, committed 12160K, reserved 1048576K
Event: 1841.398 GC heap after
Heap after GC invocations=35 (full 3):
 PSYoungGen      total 118784K, used 5155K [0x00000000f5580000, 0x00000000fe480000, 0x0000000100000000)
  eden space 94208K, 0% used [0x00000000f5580000,0x00000000f5580000,0x00000000fb180000)
  from space 24576K, 20% used [0x00000000fcc80000,0x00000000fd188e30,0x00000000fe480000)
  to   space 26112K, 0% used [0x00000000fb180000,0x00000000fb180000,0x00000000fcb00000)
 ParOldGen       total 175104K, used 46876K [0x00000000e0000000, 0x00000000eab00000, 0x00000000f5580000)
  object space 175104K, 26% used [0x00000000e0000000,0x00000000e2dc7188,0x00000000eab00000)
 Metaspace       used 87143K, capacity 91662K, committed 91736K, reserved 1128448K
  class space    used 11279K, capacity 12104K, committed 12160K, reserved 1048576K
}

Deoptimization events (10 events):
Event: 1776.873 Thread 0x000000001aa9e000 Uncommon trap: reason=array_check action=maybe_recompile pc=0x0000000005bee7cc method=java.util.TimSort.mergeHi(IIII)V @ 101
Event: 1776.873 Thread 0x000000001aa9e000 Uncommon trap: reason=array_check action=maybe_recompile pc=0x0000000005b32a30 method=java.util.TimSort.mergeHi(IIII)V @ 250
Event: 1776.903 Thread 0x000000001aa97800 Uncommon trap: reason=class_check action=maybe_recompile pc=0x0000000005408694 method=com.google.gson.stream.JsonWriter.string(Ljava/lang/String;)V @ 117
Event: 1776.975 Thread 0x000000001aa9a800 Uncommon trap: reason=bimorphic action=maybe_recompile pc=0x00000000059fa354 method=org.gradle.cache.internal.btree.FileBackedBlockStore$BlockImpl.write()V @ 29
Event: 1777.193 Thread 0x000000001aab9000 Uncommon trap: reason=unloaded action=reinterpret pc=0x0000000005bc1a34 method=com.android.tools.r8.dex.DexParser.j()Lcom/android/tools/r8/graph/DexValue; @ 248
Event: 1777.248 Thread 0x000000001aab3800 Uncommon trap: reason=unstable_if action=reinterpret pc=0x0000000006150510 method=com.android.tools.r8.graph.DexValue$DexValueInt.equals(Ljava/lang/Object;)Z @ 25
Event: 1777.248 Thread 0x000000001aab3800 Uncommon trap: reason=unstable_if action=reinterpret pc=0x0000000004cc4180 method=com.android.tools.r8.graph.DexAnnotation.equals(Ljava/lang/Object;)Z @ 27
Event: 1777.253 Thread 0x000000001aab3800 Uncommon trap: reason=class_check action=maybe_recompile pc=0x0000000005d15eb8 method=com.android.tools.r8.utils.O.next()Lcom/android/tools/r8/graph/C; @ 137
Event: 1777.253 Thread 0x000000001aab3800 Uncommon trap: reason=class_check action=maybe_recompile pc=0x0000000005d15eb8 method=com.android.tools.r8.utils.O.next()Lcom/android/tools/r8/graph/C; @ 137
Event: 1777.473 Thread 0x000000001aaa1000 Uncommon trap: reason=unstable_if action=reinterpret pc=0x0000000003ce5314 method=java.lang.ref.SoftReference.get()Ljava/lang/Object; @ 6

Classes redefined (0 events):
No events

Internal exceptions (10 events):
Event: 1776.898 Thread 0x000000001aa9e000 Exception <a 'sun/nio/fs/WindowsException'> (0x00000000f7678400) thrown at [D:\src\AOSP-openjdk-cygwin\jdk8u\hotspot\src\share\vm\prims\jni.cpp, line 710]
Event: 1776.902 Thread 0x000000001aa9e000 Exception <a 'sun/nio/fs/WindowsException'> (0x00000000f76ca300) thrown at [D:\src\AOSP-openjdk-cygwin\jdk8u\hotspot\src\share\vm\prims\jni.cpp, line 710]
Event: 1777.048 Thread 0x000000001aa92000 Exception <a 'java/lang/NoSuchMethodError': <clinit>> (0x00000000f7889760) thrown at [D:\src\AOSP-openjdk-cygwin\jdk8u\hotspot\src\share\vm\prims\jni.cpp, line 1614]
Event: 1777.177 Thread 0x000000001aa99800 Exception <a 'sun/nio/fs/WindowsException'> (0x00000000f80b2f60) thrown at [D:\src\AOSP-openjdk-cygwin\jdk8u\hotspot\src\share\vm\prims\jni.cpp, line 710]
Event: 1777.269 Thread 0x000000001aab3800 Exception <a 'sun/nio/fs/WindowsException'> (0x00000000f8c9ac08) thrown at [D:\src\AOSP-openjdk-cygwin\jdk8u\hotspot\src\share\vm\prims\jni.cpp, line 710]
Event: 1777.338 Thread 0x000000001aa97800 Exception <a 'java/lang/NoSuchMethodError': <clinit>> (0x00000000f8d23d60) thrown at [D:\src\AOSP-openjdk-cygwin\jdk8u\hotspot\src\share\vm\prims\jni.cpp, line 1614]
Event: 1777.338 Thread 0x000000001aa97800 Exception <a 'java/lang/NoSuchMethodError': <clinit>> (0x00000000f8d27970) thrown at [D:\src\AOSP-openjdk-cygwin\jdk8u\hotspot\src\share\vm\prims\jni.cpp, line 1614]
Event: 1777.339 Thread 0x000000001aa97800 Exception <a 'java/lang/NoSuchMethodError': <clinit>> (0x00000000f8d37678) thrown at [D:\src\AOSP-openjdk-cygwin\jdk8u\hotspot\src\share\vm\prims\jni.cpp, line 1614]
Event: 1777.473 Thread 0x000000001aaa1000 Implicit null exception at 0x0000000003ce4fa5 to 0x0000000003ce52f9
Event: 1777.625 Thread 0x000000001a06b000 Exception <a 'sun/nio/fs/WindowsException'> (0x00000000f99153b0) thrown at [D:\src\AOSP-openjdk-cygwin\jdk8u\hotspot\src\share\vm\prims\jni.cpp, line 710]

Events (10 events):
Event: 1841.444 Executing VM operation: RevokeBias done
Event: 1841.444 Executing VM operation: RevokeBias
Event: 1841.444 Executing VM operation: RevokeBias done
Event: 1841.516 Executing VM operation: RevokeBias
Event: 1841.517 Executing VM operation: RevokeBias done
Event: 1841.775 Thread 0x000000001aa99800 Thread added: 0x000000001aa99800
Event: 1841.793 Executing VM operation: RevokeBias
Event: 1841.794 Executing VM operation: RevokeBias done
Event: 1841.794 Executing VM operation: RevokeBias
Event: 1841.794 Executing VM operation: RevokeBias done


Dynamic libraries:
0x00007ff753d20000 - 0x00007ff753d51000 	D:\androidstudio\android-studio\jre\bin\java.exe
0x00007ffb30700000 - 0x00007ffb308e1000 	C:\WINDOWS\SYSTEM32\ntdll.dll
0x00007ffb2e990000 - 0x00007ffb2ea41000 	C:\WINDOWS\System32\KERNEL32.DLL
0x00007ffb2d770000 - 0x00007ffb2d9e3000 	C:\WINDOWS\System32\KERNELBASE.dll
0x00007ffb2e7b0000 - 0x00007ffb2e851000 	C:\WINDOWS\System32\ADVAPI32.dll
0x00007ffb2e240000 - 0x00007ffb2e2de000 	C:\WINDOWS\System32\msvcrt.dll
0x00007ffb2e6e0000 - 0x00007ffb2e73b000 	C:\WINDOWS\System32\sechost.dll
0x00007ffb2dba0000 - 0x00007ffb2dcc4000 	C:\WINDOWS\System32\RPCRT4.dll
0x00007ffb30320000 - 0x00007ffb304b0000 	C:\WINDOWS\System32\USER32.dll
0x00007ffb2d460000 - 0x00007ffb2d480000 	C:\WINDOWS\System32\win32u.dll
0x00007ffb2e490000 - 0x00007ffb2e4b8000 	C:\WINDOWS\System32\GDI32.dll
0x00007ffb2d9f0000 - 0x00007ffb2db83000 	C:\WINDOWS\System32\gdi32full.dll
0x00007ffb2d2e0000 - 0x00007ffb2d37f000 	C:\WINDOWS\System32\msvcp_win.dll
0x00007ffb2cac0000 - 0x00007ffb2cbb8000 	C:\WINDOWS\System32\ucrtbase.dll
0x00007ffb1a9a0000 - 0x00007ffb1ac09000 	C:\WINDOWS\WinSxS\amd64_microsoft.windows.common-controls_6595b64144ccf1df_6.0.17134.1610_none_d3fd41197c928db6\COMCTL32.dll
0x00007ffb2ea50000 - 0x00007ffb2ed70000 	C:\WINDOWS\System32\combase.dll
0x00007ffb2d3e0000 - 0x00007ffb2d459000 	C:\WINDOWS\System32\bcryptPrimitives.dll
0x00007ffb2dcd0000 - 0x00007ffb2dcfd000 	C:\WINDOWS\System32\IMM32.DLL
0x00000000521a0000 - 0x0000000052272000 	D:\androidstudio\android-studio\jre\jre\bin\msvcr100.dll
0x0000000050360000 - 0x0000000050ba6000 	D:\androidstudio\android-studio\jre\jre\bin\server\jvm.dll
0x00007ffb2db90000 - 0x00007ffb2db98000 	C:\WINDOWS\System32\PSAPI.DLL
0x00007ffb2aab0000 - 0x00007ffb2aad3000 	C:\WINDOWS\SYSTEM32\WINMM.dll
0x00007ffb28290000 - 0x00007ffb2829a000 	C:\WINDOWS\SYSTEM32\VERSION.dll
0x00007ffb1c0f0000 - 0x00007ffb1c0f9000 	C:\WINDOWS\SYSTEM32\WSOCK32.dll
0x00007ffb2e740000 - 0x00007ffb2e7ac000 	C:\WINDOWS\System32\WS2_32.dll
0x00007ffb2aa80000 - 0x00007ffb2aaaa000 	C:\WINDOWS\SYSTEM32\WINMMBASE.dll
0x00007ffb2d530000 - 0x00007ffb2d579000 	C:\WINDOWS\System32\cfgmgr32.dll
0x00007ffb27790000 - 0x00007ffb2779f000 	D:\androidstudio\android-studio\jre\jre\bin\verify.dll
0x00007ffb27760000 - 0x00007ffb27789000 	D:\androidstudio\android-studio\jre\jre\bin\java.dll
0x00007ffb27740000 - 0x00007ffb27756000 	D:\androidstudio\android-studio\jre\jre\bin\zip.dll
0x00007ffb2eed0000 - 0x00007ffb30315000 	C:\WINDOWS\System32\SHELL32.dll
0x00007ffb2e8e0000 - 0x00007ffb2e989000 	C:\WINDOWS\System32\shcore.dll
0x00007ffb2cbc0000 - 0x00007ffb2d2d5000 	C:\WINDOWS\System32\windows.storage.dll
0x00007ffb2e430000 - 0x00007ffb2e481000 	C:\WINDOWS\System32\shlwapi.dll
0x00007ffb2caa0000 - 0x00007ffb2cab1000 	C:\WINDOWS\System32\kernel.appcore.dll
0x00007ffb2ca80000 - 0x00007ffb2ca9f000 	C:\WINDOWS\System32\profapi.dll
0x00007ffb2ca10000 - 0x00007ffb2ca5c000 	C:\WINDOWS\System32\powrprof.dll
0x00007ffb2ca00000 - 0x00007ffb2ca0a000 	C:\WINDOWS\System32\FLTLIB.DLL
0x00007ffb27720000 - 0x00007ffb2773a000 	D:\androidstudio\android-studio\jre\jre\bin\net.dll
0x00007ffb2c220000 - 0x00007ffb2c286000 	C:\WINDOWS\system32\mswsock.dll
0x00007ffb27700000 - 0x00007ffb27711000 	D:\androidstudio\android-studio\jre\jre\bin\nio.dll
0x00007ffafb2a0000 - 0x00007ffafb2c6000 	C:\Users\urovo_hu\.gradle\native\29\windows-amd64\native-platform.dll
0x00007ffb17b00000 - 0x00007ffb17b0d000 	D:\androidstudio\android-studio\jre\jre\bin\management.dll
0x00007ffb2c3d0000 - 0x00007ffb2c3e7000 	C:\WINDOWS\SYSTEM32\CRYPTSP.dll
0x00007ffb2bdd0000 - 0x00007ffb2be03000 	C:\WINDOWS\system32\rsaenh.dll
0x00007ffb2c560000 - 0x00007ffb2c585000 	C:\WINDOWS\SYSTEM32\bcrypt.dll
0x00007ffb2c930000 - 0x00007ffb2c958000 	C:\WINDOWS\SYSTEM32\USERENV.dll
0x00007ffb2c3f0000 - 0x00007ffb2c3fb000 	C:\WINDOWS\SYSTEM32\CRYPTBASE.dll
0x00007ffb2bf70000 - 0x00007ffb2bfa8000 	C:\WINDOWS\SYSTEM32\IPHLPAPI.DLL
0x00007ffb2e350000 - 0x00007ffb2e358000 	C:\WINDOWS\System32\NSI.dll
0x00007ffb25e30000 - 0x00007ffb25e46000 	C:\WINDOWS\SYSTEM32\dhcpcsvc6.DLL
0x00007ffb26210000 - 0x00007ffb2622a000 	C:\WINDOWS\SYSTEM32\dhcpcsvc.DLL

VM Arguments:
jvm_args: -XX:MaxMetaspaceSize=256m -XX:+HeapDumpOnOutOfMemoryError -Xms256m -Xmx512m -Dfile.encoding=GBK -Duser.country=CN -Duser.language=zh -Duser.variant 
java_command: org.gradle.launcher.daemon.bootstrap.GradleDaemon 5.4.1
java_class_path (initial): C:\Users\urovo_hu\.gradle\wrapper\dists\gradle-5.4.1-all\3221gyojl5jsh0helicew7rwx\gradle-5.4.1\lib\gradle-launcher-5.4.1.jar
Launcher Type: SUN_STANDARD

Environment Variables:
JAVA_HOME=C:\Program Files\Java\jdk1.8.0_131
CLASSPATH=.;C:\Program Files\Java\jdk1.8.0_131\lib;C:\Program Files\Java\jdk1.8.0_131\lib\tools.jar
PATH=C:\ProgramData\Oracle\Java\javapath;C:\WINDOWS\system32;C:\WINDOWS;C:\WINDOWS\System32\Wbem;C:\WINDOWS\System32\WindowsPowerShell\v1.0\;C:\Program Files\Java\jdk1.8.0_131\bin;C:\Program Files\Java\jdk1.8.0_131\jre\bin;D:\Android\sdk\ndk-bundle;D:\Android\sdk\platform-tools;C:\Program Files\Git\cmd;C:\WINDOWS\system32\config\systemprofile\.dnx\bin;C:\Program Files\Microsoft DNX\Dnvm\;C:\Program Files\Microsoft SQL Server\130\Tools\Binn\;C:\WINDOWS\System32\OpenSSH\;C:\Program Files (x86)\Windows Kits\8.1\Windows Performance Toolkit\;D:\svn\bin;C:\Users\urovo_hu\AppData\Local\Microsoft\WindowsApps;D:\svn\bin;
USERNAME=urovo_hu
OS=Windows_NT
PROCESSOR_IDENTIFIER=Intel64 Family 6 Model 69 Stepping 1, GenuineIntel



---------------  S Y S T E M  ---------------

OS: Windows 10.0 , 64 bit Build 17134 (10.0.17134.1425)

CPU:total 4 (initial active 4) (2 cores per cpu, 2 threads per core) family 6 model 69 stepping 1, cmov, cx8, fxsr, mmx, sse, sse2, sse3, ssse3, sse4.1, sse4.2, popcnt, avx, avx2, aes, clmul, erms, lzcnt, ht, tsc, tscinvbit, bmi1, bmi2

Memory: 4k page, physical 8122604k(799768k free), swap 8122604k(5968k free)

vm_info: OpenJDK 64-Bit Server VM (25.202-b03) for windows-amd64 JRE (1.8.0_202-release-1483-b03), built by "builder" with MS VC++ 10.0 (VS2010)

time: Tue Jul 21 15:48:57 2020
timezone: 中国标准时间
elapsed time: 1842 seconds (0d 0h 30m 42s)

