#
# There is insufficient memory for the Java Runtime Environment to continue.
# Native memory allocation (malloc) failed to allocate 32744 bytes for ChunkPool::allocate
# Possible reasons:
#   The system is out of physical RAM or swap space
#   The process is running with CompressedOops enabled, and the Java Heap may be blocking the growth of the native heap
# Possible solutions:
#   Reduce memory load on the system
#   Increase physical memory or swap space
#   Check if swap backing store is full
#   Decrease Java heap size (-Xmx/-Xms)
#   Decrease number of Java threads
#   Decrease Java thread stack sizes (-Xss)
#   Set larger code cache with -XX:ReservedCodeCacheSize=
#   JVM is running with Unscaled Compressed Oops mode in which the Java heap is
#     placed in the first 4GB address space. The Java Heap base address is the
#     maximum limit for the native heap growth. Please use -XX:HeapBaseMinAddress
#     to set the Java Heap base and to place the Java Heap above 4GB virtual address.
# This output file may be truncated or incomplete.
#
#  Out of Memory Error (allocation.cpp:272), pid=14284, tid=0x00000000000037b0
#
# JRE version: OpenJDK Runtime Environment (8.0_202-b03) (build 1.8.0_202-release-1483-b03)
# Java VM: OpenJDK 64-Bit Server VM (25.202-b03 mixed mode windows-amd64 compressed oops)
# Failed to write core dump. Minidumps are not enabled by default on client versions of Windows
#

---------------  T H R E A D  ---------------

Current thread (0x0000000013b6e000):  JavaThread "C2 CompilerThread0" daemon [_thread_in_native, id=14256, stack(0x0000000015510000,0x0000000015610000)]

Stack: [0x0000000015510000,0x0000000015610000]
[error occurred during error reporting (printing stack bounds), id 0xc0000005]

Native frames: (J=compiled Java code, j=interpreted, Vv=VM code, C=native code)


Current CompileTask:
C2: 330979 16654       4       org.gradle.internal.Try$Success::ifSuccessfulOrElse (11 bytes)


---------------  P R O C E S S  ---------------

Java Threads: ( => current thread )
  0x0000000018c38800 JavaThread "Cache worker for execution history cache (D:\projects\ShoesDemo\.gradle\5.4.1\executionHistory)" [_thread_blocked, id=7280, stack(0x0000000028130000,0x0000000028230000)]
  0x0000000018c38000 JavaThread "Execution worker for ':' Thread 3" [_thread_blocked, id=6600, stack(0x0000000028030000,0x0000000028130000)]
  0x0000000018c36800 JavaThread "Execution worker for ':' Thread 2" [_thread_in_native, id=13984, stack(0x0000000027f30000,0x0000000028030000)]
  0x0000000018c39800 JavaThread "Execution worker for ':'" [_thread_blocked, id=13428, stack(0x0000000027e30000,0x0000000027f30000)]
  0x0000000018c3d000 JavaThread "Cache worker for Build Output Cleanup Cache (D:\projects\ShoesDemo\.gradle\buildOutputCleanup)" [_thread_blocked, id=14148, stack(0x0000000027d30000,0x0000000027e30000)]
  0x0000000018c3c800 JavaThread "Build operations Thread 4" [_thread_blocked, id=14164, stack(0x0000000027c30000,0x0000000027d30000)]
  0x0000000018c31000 JavaThread "Build operations Thread 3" [_thread_blocked, id=13460, stack(0x0000000027b30000,0x0000000027c30000)]
  0x0000000018c37000 JavaThread "Build operations Thread 2" [_thread_blocked, id=14292, stack(0x0000000027a30000,0x0000000027b30000)]
  0x0000000018c2e800 JavaThread "Build operations" [_thread_blocked, id=13980, stack(0x0000000027930000,0x0000000027a30000)]
  0x0000000018c2e000 JavaThread "Cache worker for cache directory md-rule (C:\Users\urovo_hu\.gradle\caches\5.4.1\md-rule)" [_thread_blocked, id=13608, stack(0x0000000027830000,0x0000000027930000)]
  0x0000000018c35000 JavaThread "Cache worker for cache directory md-supplier (C:\Users\urovo_hu\.gradle\caches\5.4.1\md-supplier)" [_thread_blocked, id=14216, stack(0x0000000027730000,0x0000000027830000)]
  0x0000000018c34000 JavaThread "Cache worker for file hash cache (D:\projects\ShoesDemo\.gradle\5.4.1\fileHashes)" [_thread_blocked, id=14180, stack(0x0000000027630000,0x0000000027730000)]
  0x0000000016629000 JavaThread "Thread-98" [_thread_blocked, id=13508, stack(0x0000000027530000,0x0000000027630000)]
  0x0000000016628800 JavaThread "Stdin handler" [_thread_blocked, id=13448, stack(0x0000000027430000,0x0000000027530000)]
  0x0000000016625800 JavaThread "Asynchronous log dispatcher for DefaultDaemonConnection: socket connection from /127.0.0.1:62192 to /127.0.0.1:62760" [_thread_blocked, id=13360, stack(0x0000000027330000,0x0000000027430000)]
  0x0000000016622800 JavaThread "Daemon worker Thread 3" [_thread_blocked, id=13836, stack(0x0000000027230000,0x0000000027330000)]
  0x0000000016627000 JavaThread "Cancel handler" [_thread_blocked, id=5700, stack(0x0000000027130000,0x0000000027230000)]
  0x0000000016624800 JavaThread "Handler for socket connection from /127.0.0.1:62192 to /127.0.0.1:62760" [_thread_in_native, id=14084, stack(0x0000000027030000,0x0000000027130000)]
  0x0000000016624000 JavaThread "Daemon Thread 3" [_thread_blocked, id=120, stack(0x0000000026f30000,0x0000000027030000)]
  0x0000000015116800 JavaThread "Cache worker for Java compile cache (C:\Users\urovo_hu\.gradle\caches\5.4.1\javaCompile)" [_thread_blocked, id=9580, stack(0x0000000021830000,0x0000000021930000)]
  0x000000001510a800 JavaThread "Cache worker for file content cache (C:\Users\urovo_hu\.gradle\caches\5.4.1\fileContent)" [_thread_blocked, id=2756, stack(0x000000001f350000,0x000000001f450000)]
  0x000000001510c800 JavaThread "Memory manager" [_thread_blocked, id=9500, stack(0x000000001f040000,0x000000001f140000)]
  0x0000000016623000 JavaThread "Cache worker for execution history cache (C:\Users\urovo_hu\.gradle\caches\5.4.1\executionHistory)" [_thread_blocked, id=13888, stack(0x000000001d8e0000,0x000000001d9e0000)]
  0x0000000016e68000 JavaThread "Cache worker for journal cache (C:\Users\urovo_hu\.gradle\caches\journal-1)" [_thread_blocked, id=11468, stack(0x0000000018590000,0x0000000018690000)]
  0x0000000016e6d800 JavaThread "File lock request listener" [_thread_in_native, id=13472, stack(0x0000000018490000,0x0000000018590000)]
  0x0000000016e6d000 JavaThread "Cache worker for file hash cache (C:\Users\urovo_hu\.gradle\caches\5.4.1\fileHashes)" [_thread_blocked, id=11592, stack(0x0000000018190000,0x0000000018290000)]
  0x0000000016b0b800 JavaThread "Daemon periodic checks" [_thread_blocked, id=13780, stack(0x0000000017790000,0x0000000017890000)]
  0x0000000016aa0800 JavaThread "Incoming local TCP Connector on port 62192" [_thread_in_native, id=10860, stack(0x00000000175e0000,0x00000000176e0000)]
  0x00000000168f4000 JavaThread "Daemon health stats" [_thread_blocked, id=13372, stack(0x00000000171e0000,0x00000000172e0000)]
  0x0000000014f73000 JavaThread "Service Thread" daemon [_thread_blocked, id=14272, stack(0x0000000015810000,0x0000000015910000)]
  0x0000000014f6d800 JavaThread "C1 CompilerThread2" daemon [_thread_blocked, id=13624, stack(0x0000000015710000,0x0000000015810000)]
  0x0000000014f6a800 JavaThread "C2 CompilerThread1" daemon [_thread_in_native, id=13652, stack(0x0000000015610000,0x0000000015710000)]
=>0x0000000013b6e000 JavaThread "C2 CompilerThread0" daemon [_thread_in_native, id=14256, stack(0x0000000015510000,0x0000000015610000)]
  0x0000000013bbe800 JavaThread "Attach Listener" daemon [_thread_blocked, id=8808, stack(0x0000000015410000,0x0000000015510000)]
  0x0000000014f18800 JavaThread "Signal Dispatcher" daemon [_thread_blocked, id=14212, stack(0x0000000015310000,0x0000000015410000)]
  0x0000000002704000 JavaThread "Finalizer" daemon [_thread_blocked, id=14200, stack(0x0000000014db0000,0x0000000014eb0000)]
  0x0000000002701000 JavaThread "Reference Handler" daemon [_thread_blocked, id=13952, stack(0x0000000014cb0000,0x0000000014db0000)]
  0x00000000027ee800 JavaThread "main" [_thread_blocked, id=10212, stack(0x0000000002190000,0x0000000002290000)]

Other Threads:
  0x0000000013b26800 VMThread [stack: 0x0000000014bb0000,0x0000000014cb0000] [id=14056]
  0x0000000014f74000 WatcherThread [stack: 0x0000000015910000,0x0000000015a10000] [id=13808]

VM state:not at safepoint (normal execution)

VM Mutex/Monitor currently owned by a thread: None

heap address: 0x00000000e0000000, size: 512 MB, Compressed Oops mode: 32-bit
Narrow klass base: 0x0000000000000000, Narrow klass shift: 3
Compressed class space size: 1073741824 Address: 0x0000000100000000

Heap:
 PSYoungGen      total 137728K, used 44837K [0x00000000f5580000, 0x0000000100000000, 0x0000000100000000)
  eden space 108032K, 14% used [0x00000000f5580000,0x00000000f6539080,0x00000000fbf00000)
  from space 29696K, 96% used [0x00000000fe300000,0x00000000fff10740,0x0000000100000000)
  to   space 33280K, 0% used [0x00000000fbf00000,0x00000000fbf00000,0x00000000fdf80000)
 ParOldGen       total 270336K, used 35637K [0x00000000e0000000, 0x00000000f0800000, 0x00000000f5580000)
  object space 270336K, 13% used [0x00000000e0000000,0x00000000e22cd6f0,0x00000000f0800000)
 Metaspace       used 90383K, capacity 94864K, committed 95000K, reserved 1132544K
  class space    used 11709K, capacity 12546K, committed 12584K, reserved 1048576K

Card table byte_map: [0x0000000011bb0000,0x0000000011cc0000] byte_map_base: 0x00000000114b0000

Marking Bits: (ParMarkBitMap*) 0x00000000516a9f30
 Begin Bits: [0x00000000120c0000, 0x00000000128c0000)
 End Bits:   [0x00000000128c0000, 0x00000000130c0000)

Polling page: 0x0000000000970000

CodeCache: size=245760Kb used=46340Kb max_used=46340Kb free=199419Kb
 bounds [0x00000000027f0000, 0x0000000005560000, 0x00000000117f0000]
 total_blobs=14722 nmethods=13845 adapters=788
 compilation: enabled

Compilation events (10 events):
Event: 330.817 Thread 0x0000000014f6d800 16664       3       org.gradle.tooling.internal.provider.runner.ClientForwardingTaskOperationListener::toTaskDescriptor (30 bytes)
Event: 330.818 Thread 0x0000000014f6d800 nmethod 16664 0x000000000555ce50 code [0x000000000555d020, 0x000000000555d8a8]
Event: 330.825 Thread 0x0000000014f6d800 16665       3       org.gradle.api.internal.tasks.properties.CompositePropertyVisitor::visitOutputFileProperty (47 bytes)
Event: 330.826 Thread 0x0000000014f6d800 nmethod 16665 0x000000000555dd90 code [0x000000000555df00, 0x000000000555e228]
Event: 330.826 Thread 0x0000000014f6d800 16666       3       org.gradle.api.internal.tasks.properties.DefaultTaskProperties$ValidationVisitor::visitOutputFileProperty (26 bytes)
Event: 330.826 Thread 0x0000000014f6d800 nmethod 16666 0x000000000555e3d0 code [0x000000000555e560, 0x000000000555e9e8]
Event: 330.831 Thread 0x0000000014f6d800 16667       3       sun.nio.fs.NativeBuffers::allocNativeBuffer (20 bytes)
Event: 330.831 Thread 0x0000000014f6d800 nmethod 16667 0x000000000555ec10 code [0x000000000555ed80, 0x000000000555ef88]
Event: 330.831 Thread 0x0000000014f6d800 16668       3       sun.nio.fs.NativeBuffer::<init> (41 bytes)
Event: 330.832 Thread 0x0000000014f6d800 nmethod 16668 0x000000000555f050 code [0x000000000555f220, 0x000000000555fab8]

GC Heap History (10 events):
Event: 64.086 GC heap before
{Heap before GC invocations=15 (full 3):
 PSYoungGen      total 153088K, used 152585K [0x00000000f5580000, 0x0000000100000000, 0x0000000100000000)
  eden space 132608K, 100% used [0x00000000f5580000,0x00000000fd700000,0x00000000fd700000)
  from space 20480K, 97% used [0x00000000fd700000,0x00000000fea824b8,0x00000000feb00000)
  to   space 21504K, 0% used [0x00000000feb00000,0x00000000feb00000,0x0000000100000000)
 ParOldGen       total 270336K, used 35597K [0x00000000e0000000, 0x00000000f0800000, 0x00000000f5580000)
  object space 270336K, 13% used [0x00000000e0000000,0x00000000e22c36f0,0x00000000f0800000)
 Metaspace       used 80409K, capacity 83380K, committed 83608K, reserved 1122304K
  class space    used 10518K, capacity 11121K, committed 11176K, reserved 1048576K
Event: 64.126 GC heap after
Heap after GC invocations=15 (full 3):
 PSYoungGen      total 145920K, used 21178K [0x00000000f5580000, 0x0000000100000000, 0x0000000100000000)
  eden space 124416K, 0% used [0x00000000f5580000,0x00000000f5580000,0x00000000fcf00000)
  from space 21504K, 98% used [0x00000000feb00000,0x00000000fffae950,0x0000000100000000)
  to   space 25088K, 0% used [0x00000000fcf00000,0x00000000fcf00000,0x00000000fe780000)
 ParOldGen       total 270336K, used 35605K [0x00000000e0000000, 0x00000000f0800000, 0x00000000f5580000)
  object space 270336K, 13% used [0x00000000e0000000,0x00000000e22c56f0,0x00000000f0800000)
 Metaspace       used 80409K, capacity 83380K, committed 83608K, reserved 1122304K
  class space    used 10518K, capacity 11121K, committed 11176K, reserved 1048576K
}
Event: 98.654 GC heap before
{Heap before GC invocations=16 (full 3):
 PSYoungGen      total 145920K, used 145594K [0x00000000f5580000, 0x0000000100000000, 0x0000000100000000)
  eden space 124416K, 100% used [0x00000000f5580000,0x00000000fcf00000,0x00000000fcf00000)
  from space 21504K, 98% used [0x00000000feb00000,0x00000000fffae950,0x0000000100000000)
  to   space 25088K, 0% used [0x00000000fcf00000,0x00000000fcf00000,0x00000000fe780000)
 ParOldGen       total 270336K, used 35605K [0x00000000e0000000, 0x00000000f0800000, 0x00000000f5580000)
  object space 270336K, 13% used [0x00000000e0000000,0x00000000e22c56f0,0x00000000f0800000)
 Metaspace       used 84251K, capacity 87888K, committed 88216K, reserved 1126400K
  class space    used 11083K, capacity 11827K, committed 11944K, reserved 1048576K
Event: 98.697 GC heap after
Heap after GC invocations=16 (full 3):
 PSYoungGen      total 147456K, used 22762K [0x00000000f5580000, 0x0000000100000000, 0x0000000100000000)
  eden space 124416K, 0% used [0x00000000f5580000,0x00000000f5580000,0x00000000fcf00000)
  from space 23040K, 98% used [0x00000000fcf00000,0x00000000fe53aa48,0x00000000fe580000)
  to   space 27136K, 0% used [0x00000000fe580000,0x00000000fe580000,0x0000000100000000)
 ParOldGen       total 270336K, used 35613K [0x00000000e0000000, 0x00000000f0800000, 0x00000000f5580000)
  object space 270336K, 13% used [0x00000000e0000000,0x00000000e22c76f0,0x00000000f0800000)
 Metaspace       used 84251K, capacity 87888K, committed 88216K, reserved 1126400K
  class space    used 11083K, capacity 11827K, committed 11944K, reserved 1048576K
}
Event: 242.143 GC heap before
{Heap before GC invocations=17 (full 3):
 PSYoungGen      total 147456K, used 147178K [0x00000000f5580000, 0x0000000100000000, 0x0000000100000000)
  eden space 124416K, 100% used [0x00000000f5580000,0x00000000fcf00000,0x00000000fcf00000)
  from space 23040K, 98% used [0x00000000fcf00000,0x00000000fe53aa48,0x00000000fe580000)
  to   space 27136K, 0% used [0x00000000fe580000,0x00000000fe580000,0x0000000100000000)
 ParOldGen       total 270336K, used 35613K [0x00000000e0000000, 0x00000000f0800000, 0x00000000f5580000)
  object space 270336K, 13% used [0x00000000e0000000,0x00000000e22c76f0,0x00000000f0800000)
 Metaspace       used 86404K, capacity 90280K, committed 90520K, reserved 1128448K
  class space    used 11317K, capacity 12073K, committed 12200K, reserved 1048576K
Event: 242.185 GC heap after
Heap after GC invocations=17 (full 3):
 PSYoungGen      total 144384K, used 22575K [0x00000000f5580000, 0x0000000100000000, 0x0000000100000000)
  eden space 117248K, 0% used [0x00000000f5580000,0x00000000f5580000,0x00000000fc800000)
  from space 27136K, 83% used [0x00000000fe580000,0x00000000ffb8bd28,0x0000000100000000)
  to   space 28672K, 0% used [0x00000000fc800000,0x00000000fc800000,0x00000000fe400000)
 ParOldGen       total 270336K, used 35621K [0x00000000e0000000, 0x00000000f0800000, 0x00000000f5580000)
  object space 270336K, 13% used [0x00000000e0000000,0x00000000e22c96f0,0x00000000f0800000)
 Metaspace       used 86404K, capacity 90280K, committed 90520K, reserved 1128448K
  class space    used 11317K, capacity 12073K, committed 12200K, reserved 1048576K
}
Event: 324.274 GC heap before
{Heap before GC invocations=18 (full 3):
 PSYoungGen      total 144384K, used 139823K [0x00000000f5580000, 0x0000000100000000, 0x0000000100000000)
  eden space 117248K, 100% used [0x00000000f5580000,0x00000000fc800000,0x00000000fc800000)
  from space 27136K, 83% used [0x00000000fe580000,0x00000000ffb8bd28,0x0000000100000000)
  to   space 28672K, 0% used [0x00000000fc800000,0x00000000fc800000,0x00000000fe400000)
 ParOldGen       total 270336K, used 35621K [0x00000000e0000000, 0x00000000f0800000, 0x00000000f5580000)
  object space 270336K, 13% used [0x00000000e0000000,0x00000000e22c96f0,0x00000000f0800000)
 Metaspace       used 87970K, capacity 92216K, committed 92440K, reserved 1130496K
  class space    used 11467K, capacity 12236K, committed 12328K, reserved 1048576K
Event: 324.335 GC heap after
Heap after GC invocations=18 (full 3):
 PSYoungGen      total 138240K, used 22077K [0x00000000f5580000, 0x0000000100000000, 0x0000000100000000)
  eden space 115712K, 0% used [0x00000000f5580000,0x00000000f5580000,0x00000000fc680000)
  from space 22528K, 98% used [0x00000000fc800000,0x00000000fdd8f730,0x00000000fde00000)
  to   space 29696K, 0% used [0x00000000fe300000,0x00000000fe300000,0x0000000100000000)
 ParOldGen       total 270336K, used 35629K [0x00000000e0000000, 0x00000000f0800000, 0x00000000f5580000)
  object space 270336K, 13% used [0x00000000e0000000,0x00000000e22cb6f0,0x00000000f0800000)
 Metaspace       used 87970K, capacity 92216K, committed 92440K, reserved 1130496K
  class space    used 11467K, capacity 12236K, committed 12328K, reserved 1048576K
}
Event: 329.111 GC heap before
{Heap before GC invocations=19 (full 3):
 PSYoungGen      total 138240K, used 137782K [0x00000000f5580000, 0x0000000100000000, 0x0000000100000000)
  eden space 115712K, 99% used [0x00000000f5580000,0x00000000fc67e2f8,0x00000000fc680000)
  from space 22528K, 98% used [0x00000000fc800000,0x00000000fdd8f730,0x00000000fde00000)
  to   space 29696K, 0% used [0x00000000fe300000,0x00000000fe300000,0x0000000100000000)
 ParOldGen       total 270336K, used 35629K [0x00000000e0000000, 0x00000000f0800000, 0x00000000f5580000)
  object space 270336K, 13% used [0x00000000e0000000,0x00000000e22cb6f0,0x00000000f0800000)
 Metaspace       used 90305K, capacity 94800K, committed 95000K, reserved 1132544K
  class space    used 11709K, capacity 12546K, committed 12584K, reserved 1048576K
Event: 329.169 GC heap after
Heap after GC invocations=19 (full 3):
 PSYoungGen      total 137728K, used 28737K [0x00000000f5580000, 0x0000000100000000, 0x0000000100000000)
  eden space 108032K, 0% used [0x00000000f5580000,0x00000000f5580000,0x00000000fbf00000)
  from space 29696K, 96% used [0x00000000fe300000,0x00000000fff10740,0x0000000100000000)
  to   space 33280K, 0% used [0x00000000fbf00000,0x00000000fbf00000,0x00000000fdf80000)
 ParOldGen       total 270336K, used 35637K [0x00000000e0000000, 0x00000000f0800000, 0x00000000f5580000)
  object space 270336K, 13% used [0x00000000e0000000,0x00000000e22cd6f0,0x00000000f0800000)
 Metaspace       used 90305K, capacity 94800K, committed 95000K, reserved 1132544K
  class space    used 11709K, capacity 12546K, committed 12584K, reserved 1048576K
}

Deoptimization events (10 events):
Event: 323.874 Thread 0x0000000016622800 Uncommon trap: reason=null_check action=make_not_entrant pc=0x00000000037a3770 method=org.gradle.internal.logging.sink.OutputEventTransformer.onOutput(Lorg/gradle/internal/logging/events/OutputEvent;)V @ 52
Event: 325.008 Thread 0x0000000016622800 Uncommon trap: reason=unstable_if action=reinterpret pc=0x00000000032144d4 method=org.codehaus.groovy.ast.ClassNode.lazyClassInit()V @ 4
Event: 325.327 Thread 0x0000000016622800 Uncommon trap: reason=unstable_if action=reinterpret pc=0x0000000003419bfc method=java.io.WinNTFileSystem.prefixLength(Ljava/lang/String;)I @ 42
Event: 325.327 Thread 0x0000000016622800 Uncommon trap: reason=unstable_if action=reinterpret pc=0x0000000003787274 method=java.io.WinNTFileSystem.prefixLength(Ljava/lang/String;)I @ 42
Event: 325.703 Thread 0x0000000016622800 Uncommon trap: reason=unstable_if action=reinterpret pc=0x0000000002fe639c method=java.lang.ClassValue.match(Ljava/lang/ClassValue$Entry;)Z @ 12
Event: 326.955 Thread 0x0000000018c2e800 Uncommon trap: reason=unstable_if action=reinterpret pc=0x0000000004482340 method=java.util.concurrent.locks.LockSupport.unpark(Ljava/lang/Thread;)V @ 1
Event: 327.458 Thread 0x0000000016e68000 Uncommon trap: reason=unstable_if action=reinterpret pc=0x0000000002e828f8 method=java.math.BigInteger.makePositive([B)[I @ 33
Event: 327.570 Thread 0x0000000016622800 Uncommon trap: reason=unstable_if action=reinterpret pc=0x000000000456f058 method=com.esotericsoftware.kryo.io.Output.writeString(Ljava/lang/String;)V @ 93
Event: 328.442 Thread 0x0000000016622800 Uncommon trap: reason=bimorphic action=maybe_recompile pc=0x0000000003bc0c30 method=org.gradle.api.internal.attributes.DefaultAttributesSchema$MergedSchema.matchValue(Lorg/gradle/api/attributes/Attribute;Ljava/lang/Object;Ljava/lang/Object;)Z @ 2
Event: 329.692 Thread 0x0000000018c38000 Uncommon trap: reason=array_check action=maybe_recompile pc=0x0000000005453a28 method=java.util.TimSort.reverseRange([Ljava/lang/Object;II)V @ 27

Classes redefined (0 events):
No events

Internal exceptions (10 events):
Event: 325.707 Thread 0x0000000016622800 Exception <a 'java/lang/ClassNotFoundException': com/android/builder/core/DefaultVectorDrawablesOptionsBeanInfo> (0x00000000f690a078) thrown at [D:\src\AOSP-openjdk-cygwin\jdk8u\hotspot\src\share\vm\classfile\systemDictionary.cpp, line 210]
Event: 325.708 Thread 0x0000000016622800 Exception <a 'java/lang/ClassNotFoundException': com/android/builder/core/DefaultVectorDrawablesOptionsCustomizer> (0x00000000f69256a8) thrown at [D:\src\AOSP-openjdk-cygwin\jdk8u\hotspot\src\share\vm\classfile\systemDictionary.cpp, line 210]
Event: 325.709 Thread 0x0000000016622800 Exception <a 'java/lang/ClassNotFoundException': com/android/build/gradle/internal/dsl/VectorDrawablesOptionsCustomizer> (0x00000000f694af10) thrown at [D:\src\AOSP-openjdk-cygwin\jdk8u\hotspot\src\share\vm\classfile\systemDictionary.cpp, line 210]
Event: 325.710 Thread 0x0000000016622800 Exception <a 'java/lang/ClassNotFoundException': com/android/build/gradle/internal/dsl/VectorDrawablesOptions_DecoratedCustomizer> (0x00000000f696d1a8) thrown at [D:\src\AOSP-openjdk-cygwin\jdk8u\hotspot\src\share\vm\classfile\systemDictionary.cpp, line 2
Event: 325.717 Thread 0x0000000016622800 Exception <a 'java/lang/ClassNotFoundException': build_20t13l30fi3gbnakv0924e3ev$_run_closure1$_closure4BeanInfo> (0x00000000f69cf2f0) thrown at [D:\src\AOSP-openjdk-cygwin\jdk8u\hotspot\src\share\vm\classfile\systemDictionary.cpp, line 210]
Event: 325.718 Thread 0x0000000016622800 Exception <a 'java/lang/ClassNotFoundException': build_20t13l30fi3gbnakv0924e3ev$_run_closure1$_closure4Customizer> (0x00000000f69de728) thrown at [D:\src\AOSP-openjdk-cygwin\jdk8u\hotspot\src\share\vm\classfile\systemDictionary.cpp, line 210]
Event: 325.726 Thread 0x0000000016622800 Exception <a 'java/lang/ClassNotFoundException': build_20t13l30fi3gbnakv0924e3ev$_run_closure1BeanInfo> (0x00000000f6a05e48) thrown at [D:\src\AOSP-openjdk-cygwin\jdk8u\hotspot\src\share\vm\classfile\systemDictionary.cpp, line 210]
Event: 325.727 Thread 0x0000000016622800 Exception <a 'java/lang/ClassNotFoundException': build_20t13l30fi3gbnakv0924e3ev$_run_closure1Customizer> (0x00000000f6a146b8) thrown at [D:\src\AOSP-openjdk-cygwin\jdk8u\hotspot\src\share\vm\classfile\systemDictionary.cpp, line 210]
Event: 326.092 Thread 0x0000000016622800 Exception <a 'java/lang/ClassNotFoundException': org/jetbrains/plugins/gradle/tooling/util/SourceSetCachedFinderBeanInfo> (0x00000000f72cbdb8) thrown at [D:\src\AOSP-openjdk-cygwin\jdk8u\hotspot\src\share\vm\classfile\systemDictionary.cpp, line 210]
Event: 326.093 Thread 0x0000000016622800 Exception <a 'java/lang/ClassNotFoundException': org/jetbrains/plugins/gradle/tooling/util/SourceSetCachedFinderCustomizer> (0x00000000f72ddef0) thrown at [D:\src\AOSP-openjdk-cygwin\jdk8u\hotspot\src\share\vm\classfile\systemDictionary.cpp, line 210]

Events (10 events):
Event: 329.416 Executing VM operation: RevokeBias done
Event: 329.692 Thread 0x0000000018c38000 Uncommon trap: trap_request=0xffffffd6 fr.pc=0x0000000005453a28
Event: 329.692 Thread 0x0000000018c38000 DEOPT PACKING pc=0x0000000005453a28 sp=0x000000002812b680
Event: 329.692 Thread 0x0000000018c38000 DEOPT UNPACKING pc=0x000000000283557b sp=0x000000002812b570 mode 2
Event: 330.136 Thread 0x0000000018c38000 DEOPT PACKING pc=0x00000000035fbe91 sp=0x000000002812af50
Event: 330.136 Thread 0x0000000018c38000 DEOPT UNPACKING pc=0x00000000028375d0 sp=0x000000002812acc8 mode 0
Event: 330.481 Thread 0x0000000018c38000 DEOPT PACKING pc=0x00000000035ec48c sp=0x000000002812af80
Event: 330.481 Thread 0x0000000018c38000 DEOPT UNPACKING pc=0x00000000028375d0 sp=0x000000002812ace0 mode 0
Event: 330.808 Executing VM operation: RevokeBias
Event: 330.814 Executing VM operation: RevokeBias done


Dynamic libraries:
0x00007ff741040000 - 0x00007ff741071000 	D:\androidstudio\android-studio\jre\bin\java.exe
0x00007ffd04f20000 - 0x00007ffd05101000 	C:\WINDOWS\SYSTEM32\ntdll.dll
0x00007ffd039f0000 - 0x00007ffd03aa1000 	C:\WINDOWS\System32\KERNEL32.DLL
0x00007ffd018e0000 - 0x00007ffd01b53000 	C:\WINDOWS\System32\KERNELBASE.dll
0x00007ffd04510000 - 0x00007ffd045b1000 	C:\WINDOWS\System32\ADVAPI32.dll
0x00007ffd04710000 - 0x00007ffd047ae000 	C:\WINDOWS\System32\msvcrt.dll
0x00007ffd03f60000 - 0x00007ffd03fbb000 	C:\WINDOWS\System32\sechost.dll
0x00007ffd03c50000 - 0x00007ffd03d74000 	C:\WINDOWS\System32\RPCRT4.dll
0x00007ffd023b0000 - 0x00007ffd02540000 	C:\WINDOWS\System32\USER32.dll
0x00007ffd01820000 - 0x00007ffd01840000 	C:\WINDOWS\System32\win32u.dll
0x00007ffd02570000 - 0x00007ffd02598000 	C:\WINDOWS\System32\GDI32.dll
0x00007ffd012e0000 - 0x00007ffd01473000 	C:\WINDOWS\System32\gdi32full.dll
0x00007ffd01840000 - 0x00007ffd018df000 	C:\WINDOWS\System32\msvcp_win.dll
0x00007ffd01720000 - 0x00007ffd01818000 	C:\WINDOWS\System32\ucrtbase.dll
0x00007ffceeb70000 - 0x00007ffceedd9000 	C:\WINDOWS\WinSxS\amd64_microsoft.windows.common-controls_6595b64144ccf1df_6.0.17134.1610_none_d3fd41197c928db6\COMCTL32.dll
0x00007ffd03fc0000 - 0x00007ffd042e0000 	C:\WINDOWS\System32\combase.dll
0x00007ffd02330000 - 0x00007ffd023a9000 	C:\WINDOWS\System32\bcryptPrimitives.dll
0x00007ffd02540000 - 0x00007ffd0256d000 	C:\WINDOWS\System32\IMM32.DLL
0x0000000050d20000 - 0x0000000050df2000 	D:\androidstudio\android-studio\jre\jre\bin\msvcr100.dll
0x0000000050ee0000 - 0x0000000051726000 	D:\androidstudio\android-studio\jre\jre\bin\server\jvm.dll
0x00007ffd04d90000 - 0x00007ffd04d98000 	C:\WINDOWS\System32\PSAPI.DLL
0x00007ffcf0360000 - 0x00007ffcf0369000 	C:\WINDOWS\SYSTEM32\WSOCK32.dll
0x00007ffd03ef0000 - 0x00007ffd03f5c000 	C:\WINDOWS\System32\WS2_32.dll
0x00007ffcff2c0000 - 0x00007ffcff2e3000 	C:\WINDOWS\SYSTEM32\WINMM.dll
0x00007ffcf9510000 - 0x00007ffcf951a000 	C:\WINDOWS\SYSTEM32\VERSION.dll
0x00007ffcff290000 - 0x00007ffcff2ba000 	C:\WINDOWS\SYSTEM32\WINMMBASE.dll
0x00007ffd01480000 - 0x00007ffd014c9000 	C:\WINDOWS\System32\cfgmgr32.dll
0x00007ffcfd870000 - 0x00007ffcfd87f000 	D:\androidstudio\android-studio\jre\jre\bin\verify.dll
0x00007ffcfc7d0000 - 0x00007ffcfc7f9000 	D:\androidstudio\android-studio\jre\jre\bin\java.dll
0x00007ffcf9170000 - 0x00007ffcf9186000 	D:\androidstudio\android-studio\jre\jre\bin\zip.dll
0x00007ffd025a0000 - 0x00007ffd039e5000 	C:\WINDOWS\System32\SHELL32.dll
0x00007ffd04460000 - 0x00007ffd04509000 	C:\WINDOWS\System32\shcore.dll
0x00007ffd01c10000 - 0x00007ffd02325000 	C:\WINDOWS\System32\windows.storage.dll
0x00007ffd04690000 - 0x00007ffd046e1000 	C:\WINDOWS\System32\shlwapi.dll
0x00007ffd012a0000 - 0x00007ffd012b1000 	C:\WINDOWS\System32\kernel.appcore.dll
0x00007ffd012c0000 - 0x00007ffd012df000 	C:\WINDOWS\System32\profapi.dll
0x00007ffd01250000 - 0x00007ffd0129c000 	C:\WINDOWS\System32\powrprof.dll
0x00007ffd01220000 - 0x00007ffd0122a000 	C:\WINDOWS\System32\FLTLIB.DLL
0x00007ffcf9150000 - 0x00007ffcf916a000 	D:\androidstudio\android-studio\jre\jre\bin\net.dll
0x00007ffd00aa0000 - 0x00007ffd00b06000 	C:\WINDOWS\system32\mswsock.dll
0x00007ffcf9100000 - 0x00007ffcf9111000 	D:\androidstudio\android-studio\jre\jre\bin\nio.dll
0x00007ffcedbd0000 - 0x00007ffcedbf6000 	C:\Users\urovo_hu\.gradle\native\29\windows-amd64\native-platform.dll
0x00007ffcfc820000 - 0x00007ffcfc82d000 	D:\androidstudio\android-studio\jre\jre\bin\management.dll
0x00007ffd00c50000 - 0x00007ffd00c67000 	C:\WINDOWS\SYSTEM32\CRYPTSP.dll
0x00007ffd005f0000 - 0x00007ffd00623000 	C:\WINDOWS\system32\rsaenh.dll
0x00007ffd00d80000 - 0x00007ffd00da5000 	C:\WINDOWS\SYSTEM32\bcrypt.dll
0x00007ffd01150000 - 0x00007ffd01178000 	C:\WINDOWS\SYSTEM32\USERENV.dll
0x00007ffd00c70000 - 0x00007ffd00c7b000 	C:\WINDOWS\SYSTEM32\CRYPTBASE.dll
0x00007ffd007f0000 - 0x00007ffd00828000 	C:\WINDOWS\SYSTEM32\IPHLPAPI.DLL
0x00007ffd04d80000 - 0x00007ffd04d88000 	C:\WINDOWS\System32\NSI.dll
0x00007ffcf89b0000 - 0x00007ffcf89c6000 	C:\WINDOWS\SYSTEM32\dhcpcsvc6.DLL
0x00007ffcf9cb0000 - 0x00007ffcf9cca000 	C:\WINDOWS\SYSTEM32\dhcpcsvc.DLL

VM Arguments:
jvm_args: -XX:MaxMetaspaceSize=256m -XX:+HeapDumpOnOutOfMemoryError -Xms256m -Xmx512m -Dfile.encoding=GBK -Duser.country=CN -Duser.language=zh -Duser.variant 
java_command: org.gradle.launcher.daemon.bootstrap.GradleDaemon 5.4.1
java_class_path (initial): C:\Users\urovo_hu\.gradle\wrapper\dists\gradle-5.4.1-all\3221gyojl5jsh0helicew7rwx\gradle-5.4.1\lib\gradle-launcher-5.4.1.jar
Launcher Type: SUN_STANDARD

Environment Variables:
JAVA_HOME=C:\Program Files\Java\jdk1.8.0_131
CLASSPATH=.;C:\Program Files\Java\jdk1.8.0_131\lib;C:\Program Files\Java\jdk1.8.0_131\lib\tools.jar
PATH=C:\ProgramData\Oracle\Java\javapath;C:\WINDOWS\system32;C:\WINDOWS;C:\WINDOWS\System32\Wbem;C:\WINDOWS\System32\WindowsPowerShell\v1.0\;C:\Program Files\Java\jdk1.8.0_131\bin;C:\Program Files\Java\jdk1.8.0_131\jre\bin;D:\Android\sdk\ndk-bundle;D:\Android\sdk\platform-tools;C:\Program Files\Git\cmd;C:\WINDOWS\system32\config\systemprofile\.dnx\bin;C:\Program Files\Microsoft DNX\Dnvm\;C:\Program Files\Microsoft SQL Server\130\Tools\Binn\;C:\WINDOWS\System32\OpenSSH\;C:\Program Files (x86)\Windows Kits\8.1\Windows Performance Toolkit\;D:\svn\bin;C:\Users\urovo_hu\AppData\Local\Microsoft\WindowsApps;D:\svn\bin;
USERNAME=urovo_hu
OS=Windows_NT
PROCESSOR_IDENTIFIER=Intel64 Family 6 Model 69 Stepping 1, GenuineIntel



---------------  S Y S T E M  ---------------

OS: Windows 10.0 , 64 bit Build 17134 (10.0.17134.1425)

CPU:total 4 (initial active 4) (2 cores per cpu, 2 threads per core) family 6 model 69 stepping 1, cmov, cx8, fxsr, mmx, sse, sse2, sse3, ssse3, sse4.1, sse4.2, popcnt, avx, avx2, aes, clmul, erms, lzcnt, ht, tsc, tscinvbit, bmi1, bmi2

Memory: 4k page, physical 8122604k(831724k free), swap 8122604k(5236k free)

vm_info: OpenJDK 64-Bit Server VM (25.202-b03) for windows-amd64 JRE (1.8.0_202-release-1483-b03), built by "builder" with MS VC++ 10.0 (VS2010)

time: Thu Jul 23 17:26:19 2020
timezone: 中国标准时间
elapsed time: 330 seconds (0d 0h 5m 30s)

