#
# There is insufficient memory for the Java Runtime Environment to continue.
# Native memory allocation (malloc) failed to allocate 735056 bytes for Chunk::new
# Possible reasons:
#   The system is out of physical RAM or swap space
#   The process is running with CompressedOops enabled, and the Java Heap may be blocking the growth of the native heap
# Possible solutions:
#   Reduce memory load on the system
#   Increase physical memory or swap space
#   Check if swap backing store is full
#   Decrease Java heap size (-Xmx/-Xms)
#   Decrease number of Java threads
#   Decrease Java thread stack sizes (-Xss)
#   Set larger code cache with -XX:ReservedCodeCacheSize=
#   JVM is running with Unscaled Compressed Oops mode in which the Java heap is
#     placed in the first 4GB address space. The Java Heap base address is the
#     maximum limit for the native heap growth. Please use -XX:HeapBaseMinAddress
#     to set the Java Heap base and to place the Java Heap above 4GB virtual address.
# This output file may be truncated or incomplete.
#
#  Out of Memory Error (allocation.cpp:389), pid=14148, tid=0x00000000000037f0
#
# JRE version: OpenJDK Runtime Environment (8.0_202-b03) (build 1.8.0_202-release-1483-b03)
# Java VM: OpenJDK 64-Bit Server VM (25.202-b03 mixed mode windows-amd64 compressed oops)
# Failed to write core dump. Minidumps are not enabled by default on client versions of Windows
#

---------------  T H R E A D  ---------------

Current thread (0x0000000013d9c800):  JavaThread "C2 CompilerThread0" daemon [_thread_in_native, id=14320, stack(0x00000000156a0000,0x00000000157a0000)]

Stack: [0x00000000156a0000,0x00000000157a0000]
[error occurred during error reporting (printing stack bounds), id 0xc0000005]

Native frames: (J=compiled Java code, j=interpreted, Vv=VM code, C=native code)


Current CompileTask:
C2: 372513 10618 %     4       com.android.tools.r8.t.a.a.f::a @ 2750 (4166 bytes)


---------------  P R O C E S S  ---------------

Java Threads: ( => current thread )
  0x000000001df59000 JavaThread "WorkerExecutor Queue Thread 2" [_thread_blocked, id=13732, stack(0x0000000022a40000,0x0000000022b40000)]
  0x000000001518d000 JavaThread "stdout" [_thread_in_native, id=13556, stack(0x0000000022940000,0x0000000022a40000)]
  0x0000000019c74800 JavaThread "stderr" [_thread_in_native, id=13612, stack(0x0000000022840000,0x0000000022940000)]
  0x0000000019c73000 JavaThread "pool-3-thread-1" [_thread_blocked, id=952, stack(0x0000000022740000,0x0000000022840000)]
  0x0000000019c73800 JavaThread "WorkerExecutor Queue" [_thread_blocked, id=13780, stack(0x0000000022640000,0x0000000022740000)]
  0x0000000019c6a000 JavaThread "Cache worker for execution history cache (D:\projects\ShoesDemo\.gradle\5.4.1\executionHistory)" [_thread_blocked, id=13576, stack(0x0000000022540000,0x0000000022640000)]
  0x0000000019c6c000 JavaThread "Execution worker for ':' Thread 3" [_thread_blocked, id=10860, stack(0x0000000022440000,0x0000000022540000)]
  0x0000000019c69000 JavaThread "Execution worker for ':' Thread 2" [_thread_blocked, id=1840, stack(0x0000000022340000,0x0000000022440000)]
  0x0000000018a16800 JavaThread "Execution worker for ':'" [_thread_blocked, id=13372, stack(0x0000000022240000,0x0000000022340000)]
  0x0000000018a15000 JavaThread "Cache worker for file content cache (D:\projects\ShoesDemo\.gradle\5.4.1\fileContent)" [_thread_blocked, id=14160, stack(0x0000000022140000,0x0000000022240000)]
  0x0000000018a13000 JavaThread "Cache worker for file content cache (C:\Users\urovo_hu\.gradle\caches\5.4.1\fileContent)" [_thread_blocked, id=12604, stack(0x0000000022040000,0x0000000022140000)]
  0x0000000018a14800 JavaThread "Cache worker for Build Output Cleanup Cache (D:\projects\ShoesDemo\.gradle\buildOutputCleanup)" [_thread_blocked, id=11968, stack(0x0000000021f40000,0x0000000022040000)]
  0x0000000018a17800 JavaThread "Build operations Thread 4" [_thread_blocked, id=13520, stack(0x0000000021e40000,0x0000000021f40000)]
  0x0000000018a12000 JavaThread "Build operations Thread 3" [_thread_blocked, id=12940, stack(0x0000000021d40000,0x0000000021e40000)]
  0x0000000018a13800 JavaThread "Build operations Thread 2" [_thread_blocked, id=14268, stack(0x0000000021c40000,0x0000000021d40000)]
  0x0000000018a16000 JavaThread "Build operations" [_thread_blocked, id=14308, stack(0x0000000021b40000,0x0000000021c40000)]
  0x0000000018a0a800 JavaThread "Cache worker for cache directory md-rule (C:\Users\urovo_hu\.gradle\caches\5.4.1\md-rule)" [_thread_blocked, id=14272, stack(0x0000000021a40000,0x0000000021b40000)]
  0x0000000018a11800 JavaThread "Cache worker for cache directory md-supplier (C:\Users\urovo_hu\.gradle\caches\5.4.1\md-supplier)" [_thread_blocked, id=14240, stack(0x0000000021940000,0x0000000021a40000)]
  0x0000000018a09800 JavaThread "Cache worker for file hash cache (D:\projects\ShoesDemo\.gradle\5.4.1\fileHashes)" [_thread_blocked, id=14156, stack(0x0000000021840000,0x0000000021940000)]
  0x0000000018a0c000 JavaThread "Thread-32" [_thread_blocked, id=13988, stack(0x0000000021740000,0x0000000021840000)]
  0x0000000018a10800 JavaThread "Stdin handler" [_thread_blocked, id=13624, stack(0x0000000021640000,0x0000000021740000)]
  0x0000000018a0b000 JavaThread "Asynchronous log dispatcher for DefaultDaemonConnection: socket connection from /127.0.0.1:61884 to /127.0.0.1:62164" [_thread_blocked, id=6536, stack(0x0000000021540000,0x0000000021640000)]
  0x0000000018a10000 JavaThread "Daemon worker Thread 2" [_thread_in_Java, id=8808, stack(0x0000000021440000,0x0000000021540000)]
  0x0000000018a08000 JavaThread "Cancel handler" [_thread_blocked, id=13488, stack(0x0000000021340000,0x0000000021440000)]
  0x0000000018a09000 JavaThread "Handler for socket connection from /127.0.0.1:61884 to /127.0.0.1:62164" [_thread_in_native, id=13616, stack(0x0000000021240000,0x0000000021340000)]
  0x0000000018a0f000 JavaThread "Daemon Thread 2" [_thread_blocked, id=14116, stack(0x0000000021140000,0x0000000021240000)]
  0x0000000019c70000 JavaThread "Memory manager" [_thread_blocked, id=13496, stack(0x0000000020310000,0x0000000020410000)]
  0x0000000019c6b800 JavaThread "Cache worker for execution history cache (C:\Users\urovo_hu\.gradle\caches\5.4.1\executionHistory)" [_thread_blocked, id=13652, stack(0x000000001eb10000,0x000000001ec10000)]
  0x0000000015190800 JavaThread "Cache worker for journal cache (C:\Users\urovo_hu\.gradle\caches\journal-1)" [_thread_blocked, id=14212, stack(0x0000000018420000,0x0000000018520000)]
  0x0000000015190000 JavaThread "File lock request listener" [_thread_in_native, id=14220, stack(0x0000000018320000,0x0000000018420000)]
  0x000000001518f000 JavaThread "Cache worker for file hash cache (C:\Users\urovo_hu\.gradle\caches\5.4.1\fileHashes)" [_thread_blocked, id=14188, stack(0x0000000018220000,0x0000000018320000)]
  0x0000000016f19800 JavaThread "Daemon periodic checks" [_thread_blocked, id=4636, stack(0x0000000017820000,0x0000000017920000)]
  0x0000000016f09800 JavaThread "Incoming local TCP Connector on port 61884" [_thread_in_native, id=14256, stack(0x0000000017670000,0x0000000017770000)]
  0x0000000016f71000 JavaThread "Daemon health stats" [_thread_blocked, id=14260, stack(0x0000000017370000,0x0000000017470000)]
  0x000000001512a800 JavaThread "Service Thread" daemon [_thread_blocked, id=13400, stack(0x00000000159a0000,0x0000000015aa0000)]
  0x00000000150db000 JavaThread "C1 CompilerThread2" daemon [_thread_in_native, id=13564, stack(0x00000000158a0000,0x00000000159a0000)]
  0x0000000013d4d000 JavaThread "C2 CompilerThread1" daemon [_thread_in_native, id=13508, stack(0x00000000157a0000,0x00000000158a0000)]
=>0x0000000013d9c800 JavaThread "C2 CompilerThread0" daemon [_thread_in_native, id=14320, stack(0x00000000156a0000,0x00000000157a0000)]
  0x0000000013d39800 JavaThread "Attach Listener" daemon [_thread_blocked, id=14324, stack(0x00000000155a0000,0x00000000156a0000)]
  0x00000000150b0800 JavaThread "Signal Dispatcher" daemon [_thread_blocked, id=14328, stack(0x00000000154a0000,0x00000000155a0000)]
  0x000000000291b800 JavaThread "Finalizer" daemon [_thread_blocked, id=13352, stack(0x0000000014fa0000,0x00000000150a0000)]
  0x0000000002913800 JavaThread "Reference Handler" daemon [_thread_blocked, id=14184, stack(0x0000000014ea0000,0x0000000014fa0000)]
  0x000000000281e800 JavaThread "main" [_thread_blocked, id=14060, stack(0x00000000026f0000,0x00000000027f0000)]

Other Threads:
  0x0000000013d06800 VMThread [stack: 0x0000000014da0000,0x0000000014ea0000] [id=14196]
  0x000000001512b000 WatcherThread [stack: 0x0000000015aa0000,0x0000000015ba0000] [id=13424]

VM state:not at safepoint (normal execution)

VM Mutex/Monitor currently owned by a thread: None

heap address: 0x00000000e0000000, size: 512 MB, Compressed Oops mode: 32-bit
Narrow klass base: 0x0000000000000000, Narrow klass shift: 3
Compressed class space size: 1073741824 Address: 0x0000000100000000

Heap:
 PSYoungGen      total 130048K, used 108280K [0x00000000f5580000, 0x0000000100000000, 0x0000000100000000)
  eden space 110592K, 80% used [0x00000000f5580000,0x00000000fac45b58,0x00000000fc180000)
  from space 19456K, 99% used [0x00000000fc180000,0x00000000fd478830,0x00000000fd480000)
  to   space 27136K, 0% used [0x00000000fe580000,0x00000000fe580000,0x0000000100000000)
 ParOldGen       total 188928K, used 49038K [0x00000000e0000000, 0x00000000eb880000, 0x00000000f5580000)
  object space 188928K, 25% used [0x00000000e0000000,0x00000000e2fe3bf0,0x00000000eb880000)
 Metaspace       used 73991K, capacity 76802K, committed 76888K, reserved 1116160K
  class space    used 9743K, capacity 10308K, committed 10328K, reserved 1048576K

Card table byte_map: [0x0000000011ce0000,0x0000000011df0000] byte_map_base: 0x00000000115e0000

Marking Bits: (ParMarkBitMap*) 0x00000000516a9f30
 Begin Bits: [0x00000000122a0000, 0x0000000012aa0000)
 End Bits:   [0x0000000012aa0000, 0x00000000132a0000)

Polling page: 0x0000000000af0000

CodeCache: size=245760Kb used=31801Kb max_used=31801Kb free=213958Kb
 bounds [0x0000000002920000, 0x0000000004850000, 0x0000000011920000]
 total_blobs=10332 nmethods=9509 adapters=734
 compilation: enabled

Compilation events (10 events):
Event: 372.374 Thread 0x00000000150db000 nmethod 10764 0x0000000004834b90 code [0x0000000004834da0, 0x0000000004835718]
Event: 372.374 Thread 0x00000000150db000 10765       1       com.android.tools.r8.m.a.a.b.i2::get (7 bytes)
Event: 372.374 Thread 0x00000000150db000 nmethod 10765 0x0000000004835a10 code [0x0000000004835b60, 0x0000000004835c90]
Event: 372.374 Thread 0x00000000150db000 10766       1       com.android.tools.r8.m.a.a.b.b2::b (5 bytes)
Event: 372.374 Thread 0x00000000150db000 nmethod 10766 0x0000000004835d50 code [0x0000000004835ea0, 0x0000000004835fb0]
Event: 372.375 Thread 0x00000000150db000 10767       3       com.android.tools.r8.ir.code.Goto::a (6 bytes)
Event: 372.375 Thread 0x00000000150db000 nmethod 10767 0x0000000004836010 code [0x00000000048361e0, 0x0000000004836768]
Event: 372.375 Thread 0x00000000150db000 10768       3       com.android.tools.r8.ir.conversion.I::a (33 bytes)
Event: 372.375 Thread 0x00000000150db000 nmethod 10768 0x0000000004836a90 code [0x0000000004836c60, 0x0000000004837168]
Event: 372.376 Thread 0x00000000150db000 10769       1       java.util.HashMap$Node::setValue (12 bytes)

GC Heap History (10 events):
Event: 48.786 GC heap before
{Heap before GC invocations=12 (full 2):
 PSYoungGen      total 93696K, used 66516K [0x00000000f5580000, 0x00000000fd380000, 0x0000000100000000)
  eden space 80384K, 66% used [0x00000000f5580000,0x00000000f8975b50,0x00000000fa400000)
  from space 13312K, 99% used [0x00000000fa400000,0x00000000fb0ff7c0,0x00000000fb100000)
  to   space 15872K, 0% used [0x00000000fc400000,0x00000000fc400000,0x00000000fd380000)
 ParOldGen       total 175104K, used 21622K [0x00000000e0000000, 0x00000000eab00000, 0x00000000f5580000)
  object space 175104K, 12% used [0x00000000e0000000,0x00000000e151d8d0,0x00000000eab00000)
 Metaspace       used 57210K, capacity 58860K, committed 58968K, reserved 1099776K
  class space    used 7779K, capacity 8187K, committed 8280K, reserved 1048576K
Event: 48.821 GC heap after
Heap after GC invocations=12 (full 2):
 PSYoungGen      total 111104K, used 15861K [0x00000000f5580000, 0x00000000fda80000, 0x0000000100000000)
  eden space 95232K, 0% used [0x00000000f5580000,0x00000000f5580000,0x00000000fb280000)
  from space 15872K, 99% used [0x00000000fc400000,0x00000000fd37d698,0x00000000fd380000)
  to   space 17920K, 0% used [0x00000000fb280000,0x00000000fb280000,0x00000000fc400000)
 ParOldGen       total 175104K, used 22911K [0x00000000e0000000, 0x00000000eab00000, 0x00000000f5580000)
  object space 175104K, 13% used [0x00000000e0000000,0x00000000e165fe40,0x00000000eab00000)
 Metaspace       used 57210K, capacity 58860K, committed 58968K, reserved 1099776K
  class space    used 7779K, capacity 8187K, committed 8280K, reserved 1048576K
}
Event: 48.822 GC heap before
{Heap before GC invocations=13 (full 3):
 PSYoungGen      total 111104K, used 15861K [0x00000000f5580000, 0x00000000fda80000, 0x0000000100000000)
  eden space 95232K, 0% used [0x00000000f5580000,0x00000000f5580000,0x00000000fb280000)
  from space 15872K, 99% used [0x00000000fc400000,0x00000000fd37d698,0x00000000fd380000)
  to   space 17920K, 0% used [0x00000000fb280000,0x00000000fb280000,0x00000000fc400000)
 ParOldGen       total 175104K, used 22911K [0x00000000e0000000, 0x00000000eab00000, 0x00000000f5580000)
  object space 175104K, 13% used [0x00000000e0000000,0x00000000e165fe40,0x00000000eab00000)
 Metaspace       used 57210K, capacity 58860K, committed 58968K, reserved 1099776K
  class space    used 7779K, capacity 8187K, committed 8280K, reserved 1048576K
Event: 49.196 GC heap after
Heap after GC invocations=13 (full 3):
 PSYoungGen      total 111104K, used 0K [0x00000000f5580000, 0x00000000fda80000, 0x0000000100000000)
  eden space 95232K, 0% used [0x00000000f5580000,0x00000000f5580000,0x00000000fb280000)
  from space 15872K, 0% used [0x00000000fc400000,0x00000000fc400000,0x00000000fd380000)
  to   space 17920K, 0% used [0x00000000fb280000,0x00000000fb280000,0x00000000fc400000)
 ParOldGen       total 188928K, used 32491K [0x00000000e0000000, 0x00000000eb880000, 0x00000000f5580000)
  object space 188928K, 17% used [0x00000000e0000000,0x00000000e1fbaee0,0x00000000eb880000)
 Metaspace       used 57179K, capacity 58766K, committed 58968K, reserved 1099776K
  class space    used 7769K, capacity 8170K, committed 8280K, reserved 1048576K
}
Event: 354.647 GC heap before
{Heap before GC invocations=14 (full 3):
 PSYoungGen      total 111104K, used 95232K [0x00000000f5580000, 0x00000000fda80000, 0x0000000100000000)
  eden space 95232K, 100% used [0x00000000f5580000,0x00000000fb280000,0x00000000fb280000)
  from space 15872K, 0% used [0x00000000fc400000,0x00000000fc400000,0x00000000fd380000)
  to   space 17920K, 0% used [0x00000000fb280000,0x00000000fb280000,0x00000000fc400000)
 ParOldGen       total 188928K, used 32491K [0x00000000e0000000, 0x00000000eb880000, 0x00000000f5580000)
  object space 188928K, 17% used [0x00000000e0000000,0x00000000e1fbaee0,0x00000000eb880000)
 Metaspace       used 62738K, capacity 64600K, committed 64856K, reserved 1105920K
  class space    used 8271K, capacity 8715K, committed 8792K, reserved 1048576K
Event: 354.664 GC heap after
Heap after GC invocations=14 (full 3):
 PSYoungGen      total 113152K, used 9753K [0x00000000f5580000, 0x00000000fe580000, 0x0000000100000000)
  eden space 95232K, 0% used [0x00000000f5580000,0x00000000f5580000,0x00000000fb280000)
  from space 17920K, 54% used [0x00000000fb280000,0x00000000fbc06750,0x00000000fc400000)
  to   space 17408K, 0% used [0x00000000fd480000,0x00000000fd480000,0x00000000fe580000)
 ParOldGen       total 188928K, used 32499K [0x00000000e0000000, 0x00000000eb880000, 0x00000000f5580000)
  object space 188928K, 17% used [0x00000000e0000000,0x00000000e1fbcee0,0x00000000eb880000)
 Metaspace       used 62738K, capacity 64600K, committed 64856K, reserved 1105920K
  class space    used 8271K, capacity 8715K, committed 8792K, reserved 1048576K
}
Event: 359.078 GC heap before
{Heap before GC invocations=15 (full 3):
 PSYoungGen      total 113152K, used 104985K [0x00000000f5580000, 0x00000000fe580000, 0x0000000100000000)
  eden space 95232K, 100% used [0x00000000f5580000,0x00000000fb280000,0x00000000fb280000)
  from space 17920K, 54% used [0x00000000fb280000,0x00000000fbc06750,0x00000000fc400000)
  to   space 17408K, 0% used [0x00000000fd480000,0x00000000fd480000,0x00000000fe580000)
 ParOldGen       total 188928K, used 32499K [0x00000000e0000000, 0x00000000eb880000, 0x00000000f5580000)
  object space 188928K, 17% used [0x00000000e0000000,0x00000000e1fbcee0,0x00000000eb880000)
 Metaspace       used 65082K, capacity 66980K, committed 67160K, reserved 1107968K
  class space    used 8552K, capacity 8999K, committed 9048K, reserved 1048576K
Event: 359.118 GC heap after
Heap after GC invocations=15 (full 3):
 PSYoungGen      total 128000K, used 17396K [0x00000000f5580000, 0x00000000feb00000, 0x0000000100000000)
  eden space 110592K, 0% used [0x00000000f5580000,0x00000000f5580000,0x00000000fc180000)
  from space 17408K, 99% used [0x00000000fd480000,0x00000000fe57d060,0x00000000fe580000)
  to   space 19456K, 0% used [0x00000000fc180000,0x00000000fc180000,0x00000000fd480000)
 ParOldGen       total 188928K, used 33901K [0x00000000e0000000, 0x00000000eb880000, 0x00000000f5580000)
  object space 188928K, 17% used [0x00000000e0000000,0x00000000e211b6e8,0x00000000eb880000)
 Metaspace       used 65082K, capacity 66980K, committed 67160K, reserved 1107968K
  class space    used 8552K, capacity 8999K, committed 9048K, reserved 1048576K
}
Event: 366.262 GC heap before
{Heap before GC invocations=16 (full 3):
 PSYoungGen      total 128000K, used 127988K [0x00000000f5580000, 0x00000000feb00000, 0x0000000100000000)
  eden space 110592K, 100% used [0x00000000f5580000,0x00000000fc180000,0x00000000fc180000)
  from space 17408K, 99% used [0x00000000fd480000,0x00000000fe57d060,0x00000000fe580000)
  to   space 19456K, 0% used [0x00000000fc180000,0x00000000fc180000,0x00000000fd480000)
 ParOldGen       total 188928K, used 33901K [0x00000000e0000000, 0x00000000eb880000, 0x00000000f5580000)
  object space 188928K, 17% used [0x00000000e0000000,0x00000000e211b6e8,0x00000000eb880000)
 Metaspace       used 69378K, capacity 71706K, committed 71896K, reserved 1112064K
  class space    used 9126K, capacity 9638K, committed 9688K, reserved 1048576K
Event: 366.323 GC heap after
Heap after GC invocations=16 (full 3):
 PSYoungGen      total 130048K, used 19426K [0x00000000f5580000, 0x0000000100000000, 0x0000000100000000)
  eden space 110592K, 0% used [0x00000000f5580000,0x00000000f5580000,0x00000000fc180000)
  from space 19456K, 99% used [0x00000000fc180000,0x00000000fd478830,0x00000000fd480000)
  to   space 27136K, 0% used [0x00000000fe580000,0x00000000fe580000,0x0000000100000000)
 ParOldGen       total 188928K, used 49038K [0x00000000e0000000, 0x00000000eb880000, 0x00000000f5580000)
  object space 188928K, 25% used [0x00000000e0000000,0x00000000e2fe3bf0,0x00000000eb880000)
 Metaspace       used 69378K, capacity 71706K, committed 71896K, reserved 1112064K
  class space    used 9126K, capacity 9638K, committed 9688K, reserved 1048576K
}

Deoptimization events (10 events):
Event: 371.420 Thread 0x0000000018a10000 Uncommon trap: reason=class_check action=maybe_recompile pc=0x000000000449be44 method=com.android.tools.r8.ir.code.CatchHandlers.size()I @ 42
Event: 371.421 Thread 0x0000000018a10000 Uncommon trap: reason=class_check action=maybe_recompile pc=0x000000000449be44 method=com.android.tools.r8.ir.code.CatchHandlers.size()I @ 42
Event: 371.422 Thread 0x0000000018a10000 Uncommon trap: reason=class_check action=maybe_recompile pc=0x000000000449be44 method=com.android.tools.r8.ir.code.CatchHandlers.size()I @ 42
Event: 371.607 Thread 0x0000000018a10000 Uncommon trap: reason=array_check action=maybe_recompile pc=0x0000000004540bac method=java.util.AbstractCollection.toArray([Ljava/lang/Object;)[Ljava/lang/Object; @ 119
Event: 371.676 Thread 0x0000000018a10000 Uncommon trap: reason=array_check action=maybe_recompile pc=0x0000000004540bac method=java.util.AbstractCollection.toArray([Ljava/lang/Object;)[Ljava/lang/Object; @ 119
Event: 371.676 Thread 0x0000000018a10000 Uncommon trap: reason=array_check action=maybe_recompile pc=0x0000000004540bac method=java.util.AbstractCollection.toArray([Ljava/lang/Object;)[Ljava/lang/Object; @ 119
Event: 371.676 Thread 0x0000000018a10000 Uncommon trap: reason=array_check action=maybe_recompile pc=0x0000000004540bac method=java.util.AbstractCollection.toArray([Ljava/lang/Object;)[Ljava/lang/Object; @ 119
Event: 371.710 Thread 0x0000000018a10000 Uncommon trap: reason=unstable_if action=reinterpret pc=0x000000000430881c method=com.android.tools.r8.graph.DexProto.b(Ljava/lang/Object;)Z @ 37
Event: 372.139 Thread 0x0000000018a10000 Uncommon trap: reason=unstable_if action=reinterpret pc=0x0000000004209f4c method=com.android.tools.r8.t.a.a.f.a(II[C)Ljava/lang/String; @ 59
Event: 372.368 Thread 0x0000000018a10000 Uncommon trap: reason=unstable_if action=reinterpret pc=0x00000000042282c4 method=com.android.tools.r8.graph.DexString.<init>(Ljava/lang/String;)V @ 53

Classes redefined (0 events):
No events

Internal exceptions (10 events):
Event: 363.921 Thread 0x0000000018a10000 Exception <a 'sun/nio/fs/WindowsException'> (0x00000000f9e54478) thrown at [D:\src\AOSP-openjdk-cygwin\jdk8u\hotspot\src\share\vm\prims\jni.cpp, line 710]
Event: 364.870 Thread 0x0000000018a16800 Exception <a 'java/lang/NoSuchMethodError': java.lang.Object.lambda$identity$2(Ljava/lang/Object;)Ljava/lang/Object;> (0x00000000fa092cb8) thrown at [D:\src\AOSP-openjdk-cygwin\jdk8u\hotspot\src\share\vm\interpreter\linkResolver.cpp, line 620]
Event: 366.085 Thread 0x0000000019c73800 Exception <a 'java/lang/NoSuchMethodError': java.lang.Object.lambda$negate$1(Ljava/lang/Object;)Z> (0x00000000fabeaf88) thrown at [D:\src\AOSP-openjdk-cygwin\jdk8u\hotspot\src\share\vm\interpreter\linkResolver.cpp, line 620]
Event: 366.411 Thread 0x0000000018a10000 Implicit null exception at 0x00000000042dcde3 to 0x00000000042dceed
Event: 366.411 Thread 0x0000000018a10000 Implicit null exception at 0x00000000042d5e5f to 0x00000000042d5f59
Event: 366.412 Thread 0x0000000018a10000 Implicit null exception at 0x00000000042d5e5f to 0x00000000042d5f59
Event: 367.247 Thread 0x0000000018a16800 Exception <a 'java/lang/NoSuchMethodError': java.lang.Object.lambda$maxBy$1(Ljava/util/Comparator;Ljava/lang/Object;Ljava/lang/Object;)Ljava/lang/Object;> (0x00000000f6f38f88) thrown at [D:\src\AOSP-openjdk-cygwin\jdk8u\hotspot\src\share\vm\interpreter\li
Event: 370.698 Thread 0x0000000018a16800 Exception <a 'sun/nio/fs/WindowsException'> (0x00000000f81b6230) thrown at [D:\src\AOSP-openjdk-cygwin\jdk8u\hotspot\src\share\vm\prims\jni.cpp, line 710]
Event: 370.712 Thread 0x0000000018a16800 Implicit null exception at 0x0000000003e1ee39 to 0x0000000003e20b35
Event: 370.714 Thread 0x0000000018a16800 Implicit null exception at 0x0000000003d23575 to 0x0000000003d238fd

Events (10 events):
Event: 371.874 Executing VM operation: ForceSafepoint
Event: 371.875 Executing VM operation: ForceSafepoint done
Event: 372.139 Thread 0x0000000018a10000 Uncommon trap: trap_request=0xffffff65 fr.pc=0x0000000004209f4c
Event: 372.139 Thread 0x0000000018a10000 DEOPT PACKING pc=0x0000000004209f4c sp=0x0000000021537f10
Event: 372.139 Thread 0x0000000018a10000 DEOPT UNPACKING pc=0x000000000296557b sp=0x0000000021537ec0 mode 2
Event: 372.161 Executing VM operation: ForceSafepoint
Event: 372.161 Executing VM operation: ForceSafepoint done
Event: 372.368 Thread 0x0000000018a10000 Uncommon trap: trap_request=0xffffff65 fr.pc=0x00000000042282c4
Event: 372.368 Thread 0x0000000018a10000 DEOPT PACKING pc=0x00000000042282c4 sp=0x0000000021537c70
Event: 372.368 Thread 0x0000000018a10000 DEOPT UNPACKING pc=0x000000000296557b sp=0x0000000021537bf8 mode 2


Dynamic libraries:
0x00007ff741040000 - 0x00007ff741071000 	D:\androidstudio\android-studio\jre\bin\java.exe
0x00007ffd04f20000 - 0x00007ffd05101000 	C:\WINDOWS\SYSTEM32\ntdll.dll
0x00007ffd039f0000 - 0x00007ffd03aa1000 	C:\WINDOWS\System32\KERNEL32.DLL
0x00007ffd018e0000 - 0x00007ffd01b53000 	C:\WINDOWS\System32\KERNELBASE.dll
0x00007ffd04510000 - 0x00007ffd045b1000 	C:\WINDOWS\System32\ADVAPI32.dll
0x00007ffd04710000 - 0x00007ffd047ae000 	C:\WINDOWS\System32\msvcrt.dll
0x00007ffd03f60000 - 0x00007ffd03fbb000 	C:\WINDOWS\System32\sechost.dll
0x00007ffd03c50000 - 0x00007ffd03d74000 	C:\WINDOWS\System32\RPCRT4.dll
0x00007ffd023b0000 - 0x00007ffd02540000 	C:\WINDOWS\System32\USER32.dll
0x00007ffd01820000 - 0x00007ffd01840000 	C:\WINDOWS\System32\win32u.dll
0x00007ffd02570000 - 0x00007ffd02598000 	C:\WINDOWS\System32\GDI32.dll
0x00007ffd012e0000 - 0x00007ffd01473000 	C:\WINDOWS\System32\gdi32full.dll
0x00007ffd01840000 - 0x00007ffd018df000 	C:\WINDOWS\System32\msvcp_win.dll
0x00007ffd01720000 - 0x00007ffd01818000 	C:\WINDOWS\System32\ucrtbase.dll
0x00007ffceeb70000 - 0x00007ffceedd9000 	C:\WINDOWS\WinSxS\amd64_microsoft.windows.common-controls_6595b64144ccf1df_6.0.17134.1610_none_d3fd41197c928db6\COMCTL32.dll
0x00007ffd03fc0000 - 0x00007ffd042e0000 	C:\WINDOWS\System32\combase.dll
0x00007ffd02330000 - 0x00007ffd023a9000 	C:\WINDOWS\System32\bcryptPrimitives.dll
0x00007ffd02540000 - 0x00007ffd0256d000 	C:\WINDOWS\System32\IMM32.DLL
0x0000000050d20000 - 0x0000000050df2000 	D:\androidstudio\android-studio\jre\jre\bin\msvcr100.dll
0x0000000050ee0000 - 0x0000000051726000 	D:\androidstudio\android-studio\jre\jre\bin\server\jvm.dll
0x00007ffd04d90000 - 0x00007ffd04d98000 	C:\WINDOWS\System32\PSAPI.DLL
0x00007ffcff2c0000 - 0x00007ffcff2e3000 	C:\WINDOWS\SYSTEM32\WINMM.dll
0x00007ffcf9510000 - 0x00007ffcf951a000 	C:\WINDOWS\SYSTEM32\VERSION.dll
0x00007ffcf0360000 - 0x00007ffcf0369000 	C:\WINDOWS\SYSTEM32\WSOCK32.dll
0x00007ffd03ef0000 - 0x00007ffd03f5c000 	C:\WINDOWS\System32\WS2_32.dll
0x00007ffcff290000 - 0x00007ffcff2ba000 	C:\WINDOWS\SYSTEM32\WINMMBASE.dll
0x00007ffd01480000 - 0x00007ffd014c9000 	C:\WINDOWS\System32\cfgmgr32.dll
0x00007ffcfd870000 - 0x00007ffcfd87f000 	D:\androidstudio\android-studio\jre\jre\bin\verify.dll
0x00007ffcfc7d0000 - 0x00007ffcfc7f9000 	D:\androidstudio\android-studio\jre\jre\bin\java.dll
0x00007ffcf9170000 - 0x00007ffcf9186000 	D:\androidstudio\android-studio\jre\jre\bin\zip.dll
0x00007ffd025a0000 - 0x00007ffd039e5000 	C:\WINDOWS\System32\SHELL32.dll
0x00007ffd04460000 - 0x00007ffd04509000 	C:\WINDOWS\System32\shcore.dll
0x00007ffd01c10000 - 0x00007ffd02325000 	C:\WINDOWS\System32\windows.storage.dll
0x00007ffd04690000 - 0x00007ffd046e1000 	C:\WINDOWS\System32\shlwapi.dll
0x00007ffd012a0000 - 0x00007ffd012b1000 	C:\WINDOWS\System32\kernel.appcore.dll
0x00007ffd012c0000 - 0x00007ffd012df000 	C:\WINDOWS\System32\profapi.dll
0x00007ffd01250000 - 0x00007ffd0129c000 	C:\WINDOWS\System32\powrprof.dll
0x00007ffd01220000 - 0x00007ffd0122a000 	C:\WINDOWS\System32\FLTLIB.DLL
0x00007ffcf9150000 - 0x00007ffcf916a000 	D:\androidstudio\android-studio\jre\jre\bin\net.dll
0x00007ffd00aa0000 - 0x00007ffd00b06000 	C:\WINDOWS\system32\mswsock.dll
0x00007ffcf9100000 - 0x00007ffcf9111000 	D:\androidstudio\android-studio\jre\jre\bin\nio.dll
0x00007ffcedbd0000 - 0x00007ffcedbf6000 	C:\Users\urovo_hu\.gradle\native\29\windows-amd64\native-platform.dll
0x00007ffcfc820000 - 0x00007ffcfc82d000 	D:\androidstudio\android-studio\jre\jre\bin\management.dll
0x00007ffd00c50000 - 0x00007ffd00c67000 	C:\WINDOWS\SYSTEM32\CRYPTSP.dll
0x00007ffd005f0000 - 0x00007ffd00623000 	C:\WINDOWS\system32\rsaenh.dll
0x00007ffd00d80000 - 0x00007ffd00da5000 	C:\WINDOWS\SYSTEM32\bcrypt.dll
0x00007ffd01150000 - 0x00007ffd01178000 	C:\WINDOWS\SYSTEM32\USERENV.dll
0x00007ffd00c70000 - 0x00007ffd00c7b000 	C:\WINDOWS\SYSTEM32\CRYPTBASE.dll
0x00007ffd007f0000 - 0x00007ffd00828000 	C:\WINDOWS\SYSTEM32\IPHLPAPI.DLL
0x00007ffd04d80000 - 0x00007ffd04d88000 	C:\WINDOWS\System32\NSI.dll
0x00007ffcf89b0000 - 0x00007ffcf89c6000 	C:\WINDOWS\SYSTEM32\dhcpcsvc6.DLL
0x00007ffcf9cb0000 - 0x00007ffcf9cca000 	C:\WINDOWS\SYSTEM32\dhcpcsvc.DLL

VM Arguments:
jvm_args: -XX:MaxMetaspaceSize=256m -XX:+HeapDumpOnOutOfMemoryError -Xms256m -Xmx512m -Dfile.encoding=GBK -Duser.country=CN -Duser.language=zh -Duser.variant 
java_command: org.gradle.launcher.daemon.bootstrap.GradleDaemon 5.4.1
java_class_path (initial): C:\Users\urovo_hu\.gradle\wrapper\dists\gradle-5.4.1-all\3221gyojl5jsh0helicew7rwx\gradle-5.4.1\lib\gradle-launcher-5.4.1.jar
Launcher Type: SUN_STANDARD

Environment Variables:
JAVA_HOME=C:\Program Files\Java\jdk1.8.0_131
CLASSPATH=.;C:\Program Files\Java\jdk1.8.0_131\lib;C:\Program Files\Java\jdk1.8.0_131\lib\tools.jar
PATH=C:\ProgramData\Oracle\Java\javapath;C:\WINDOWS\system32;C:\WINDOWS;C:\WINDOWS\System32\Wbem;C:\WINDOWS\System32\WindowsPowerShell\v1.0\;C:\Program Files\Java\jdk1.8.0_131\bin;C:\Program Files\Java\jdk1.8.0_131\jre\bin;D:\Android\sdk\ndk-bundle;D:\Android\sdk\platform-tools;C:\Program Files\Git\cmd;C:\WINDOWS\system32\config\systemprofile\.dnx\bin;C:\Program Files\Microsoft DNX\Dnvm\;C:\Program Files\Microsoft SQL Server\130\Tools\Binn\;C:\WINDOWS\System32\OpenSSH\;C:\Program Files (x86)\Windows Kits\8.1\Windows Performance Toolkit\;D:\svn\bin;C:\Users\urovo_hu\AppData\Local\Microsoft\WindowsApps;D:\svn\bin;
USERNAME=urovo_hu
OS=Windows_NT
PROCESSOR_IDENTIFIER=Intel64 Family 6 Model 69 Stepping 1, GenuineIntel



---------------  S Y S T E M  ---------------

OS: Windows 10.0 , 64 bit Build 17134 (10.0.17134.1425)

CPU:total 4 (initial active 4) (2 cores per cpu, 2 threads per core) family 6 model 69 stepping 1, cmov, cx8, fxsr, mmx, sse, sse2, sse3, ssse3, sse4.1, sse4.2, popcnt, avx, avx2, aes, clmul, erms, lzcnt, ht, tsc, tscinvbit, bmi1, bmi2

Memory: 4k page, physical 8122604k(767832k free), swap 8122604k(5364k free)

vm_info: OpenJDK 64-Bit Server VM (25.202-b03) for windows-amd64 JRE (1.8.0_202-release-1483-b03), built by "builder" with MS VC++ 10.0 (VS2010)

time: Thu Jul 23 17:20:43 2020
timezone: 中国标准时间
elapsed time: 372 seconds (0d 0h 6m 12s)

